[08:27:16] [main/INFO]: Loading Minecraft 1.18.2 with Fabric Loader 0.14.8
[08:27:16] [ForkJoinPool-1-worker-6/WARN]: Mod create uses the version 0.5.0c-708 which isn't compatible with Loader's extended semantic version format (Could not parse version number component '0c'!), SemVer is recommended for reliably evaluating dependencies and prioritizing newer version
[08:27:16] [ForkJoinPool-1-worker-6/WARN]: Mod registrate-fabric uses the version MC1.18.2-1.1.3 which isn't compatible with Loader's extended semantic version format (Could not parse version number component 'MC1'!), SemVer is recommended for reliably evaluating dependencies and prioritizing newer version
[08:27:16] [ForkJoinPool-1-worker-2/WARN]: The mod "sync" contains invalid entries in its mod json:
- Unsupported root entry "includes" at line 52 column 13
[08:27:17] [main/INFO]: Loading 276 mods:
	- additionaladditions 4.0.5
	- adorn 3.5.0+1.18.2
	- advanced_runtime_resource_pack 0.5.7 via phonos
	- advdebug 2.3.0
	- ae2 11.1.3
	- ae2wtlib 11.1.4
	- alloy_forgery 2.0.13+1.18
	- alternate-current 1.4.0
	- animatica 0.5+1.18.2
	- appleskin 2.4.0+mc1.18.2
	- arcanus 1.29
	- architectury 4.7.78
	- autotag 1.1.0
	- axesareweapons 1.6.0
	- badpackets 0.1.2
	- balm-fabric 3.2.0+0
	- bclib 1.4.7
	- betterdarkmode 1.0.5
	- betterend 1.1.1
	- betterf3 1.2.5
	- betternether 6.1.2
	- betterthirdperson 1.8.1
	- blockus 2.4.7+1.18.2
	- blue_endless_jankson 1.2.1 via kyrptconfig
	- borderlessmining 1.1.2+1.18.2
	- botania 1.18.2-434-FABRIC
	- byg 1.4
	- c2me 0.2.0+alpha.7.0
	- caffeineconfig 1.0.0+1.17 via sodium-extra
	- capes 1.3.1+1.18.2
	- cardinal-components-base 4.1.4 via dimdoors
	- cardinal-components-chunk 4.1.4 via dimdoors
	- cardinal-components-entity 4.1.4 via dimdoors
	- cardinal-components-item 4.1.4 via dimdoors
	- cardinal-components-level 4.1.4 via dimdoors
	- cardinal-components-world 4.1.4 via dimdoors
	- cardinalboats 1.0.1
	- carpet 1.4.69
	- carpet-extra 1.4.72
	- charm 4.1.2
	- chesttracker 1.1.16
	- chipped 1.2
	- chromatic_currents 1.0.1
	- clickadv 2.6
	- cloth-api 3.2.64
	- cloth-basic-math 0.6.1 via cloth-config
	- cloth-client-events-v0 3.2.64 via cloth-api
	- cloth-common-events-v1 3.2.64 via cloth-api
	- cloth-config 6.2.62 via betterf3
	- cloth-datagen-api-v1 3.2.64 via cloth-api
	- cloth-scissors-api-v1 3.2.64 via cloth-api
	- cloth-utils-v1 3.2.64 via cloth-api
	- collective-fabric 4.36
	- com_electronwill_night-config_core 3.6.4 via terrablender
	- com_electronwill_night-config_toml 3.6.4 via terrablender
	- com_flowpowered_flow-math 1.0.3 via dimdoors
	- com_github_dimensionaldevelopment_poly2tri_java 0.1.1 via dimdoors
	- com_github_llamalad7_mixinextras 0.0.11 via registrate-fabric
	- com_google_code_findbugs_jsr305 3.0.2 via create
	- com_ishland_c2me_libs_ 0.2.0+alpha.7.0 via c2me
	- com_moandjiezana_toml_toml4j 0.7.2 via charm
	- com_velocitypowered_velocity-native 1.1.0-SNAPSHOT via krypton
	- computercraft 1.100.8
	- conditional-mixin 0.3.0 via moreculling
	- continuity 2.0.0+1.18.2
	- cooldown-coordinator 0.3.1
	- crawl 0.10.6
	- create 0.5.0c-708
	- crowdin-translate 1.4+1.18.2 via sync
	- curse_maven_wthit-3707010 440979 via dimdoors
	- darkpaintings 10.0.3
	- debugify 1.11.0
	- diggusmaximus 1.5.6-1.18
	- dimdoors 4.0.4
	- disable_custom_worlds_advice 2.0 via snowpig
	- disenchanter 0.1.6+1.18
	- dripstone_fluid_lib 1.2.0 via milk_plus
	- ductwork 0.3.2
	- eatinganimationid 1.8
	- edenring 0.5.2
	- enhancedblockentities 0.7.1+1.18.2
	- entityculling 1.5.1
	- exlinedoors 2.1.1
	- experiencebottler 1.18.2+build.1
	- explorerscompass 1.18.2-2.1.0-fabric
	- fabric 0.58.0+1.18.2
	- fabric-api-base 0.4.4+d7c144a860 via fabric
	- fabric-api-lookup-api-v1 1.6.2+2373a54560 via fabric
	- fabric-biome-api-v1 8.0.6+651bcc5960 via fabric
	- fabric-blockrenderlayer-v1 1.1.12+3ac43d9560 via fabric
	- fabric-command-api-v1 1.1.9+d7c144a860 via fabric
	- fabric-commands-v0 0.2.8+b4f4f6cd60 via fabric
	- fabric-containers-v0 0.1.23+d7c144a860 via fabric
	- fabric-content-registries-v0 3.1.1+c85f2e3860 via fabric
	- fabric-convention-tags-v1 1.0.1+474e4f7960 via fabric
	- fabric-crash-report-info-v1 0.2.1+ee261a3e60 via fabric
	- fabric-data-generation-api-v1 3.0.1+9fcb91d260 via fabric
	- fabric-dimensions-v1 2.1.20+489d6f8260 via fabric
	- fabric-entity-events-v1 1.4.8+d7c144a860 via fabric
	- fabric-events-interaction-v0 0.4.19+d7c144a860 via fabric
	- fabric-events-lifecycle-v0 0.2.19+d7c144a860 via fabric
	- fabric-game-rule-api-v1 1.0.13+d7c144a860 via fabric
	- fabric-item-api-v1 1.5.2+17cbbd4360 via fabric
	- fabric-item-groups-v0 0.3.14+91896a4960 via fabric
	- fabric-key-binding-api-v1 1.0.12+54e5b2ec60 via fabric
	- fabric-keybindings-v0 0.2.10+b4f4f6cd60 via fabric
	- fabric-language-kotlin 1.8.2+kotlin.1.7.10
	- fabric-lifecycle-events-v1 2.1.0+cc71601c60 via fabric
	- fabric-loot-api-v2 1.1.0+1997ad1260 via fabric
	- fabric-loot-tables-v1 1.1.2+e747827960 via fabric
	- fabric-mining-level-api-v1 2.1.4+cc71601c60 via fabric
	- fabric-models-v0 0.3.6+d7c144a860 via fabric
	- fabric-networking-api-v1 1.0.23+2d30af4b60 via fabric
	- fabric-networking-v0 0.3.10+b4f4f6cd60 via fabric
	- fabric-object-builder-api-v1 2.1.3+032c981d60 via fabric
	- fabric-particles-v1 0.2.12+526dc1ac60 via fabric
	- fabric-permissions-api-v0 0.1-SNAPSHOT via holograms
	- fabric-registry-sync-v0 0.9.10+0d9ab37260 via fabric
	- fabric-renderer-api-v1 0.4.13+d882b91560 via fabric
	- fabric-renderer-indigo 0.5.3+41a02c8a60 via fabric
	- fabric-renderer-registries-v1 3.2.11+b4f4f6cd60 via fabric
	- fabric-rendering-data-attachment-v1 0.3.7+d7c144a860 via fabric
	- fabric-rendering-fluids-v1 2.0.2+54e5b2ec60 via fabric
	- fabric-rendering-v0 1.1.13+b4f4f6cd60 via fabric
	- fabric-rendering-v1 1.10.7+54e5b2ec60 via fabric
	- fabric-resource-conditions-api-v1 2.0.3+91b7aa6660 via fabric
	- fabric-resource-loader-v0 0.5.2+446e059560 via fabric
	- fabric-screen-api-v1 1.0.10+d882b91560 via fabric
	- fabric-screen-handler-api-v1 1.2.2+1f6558e860 via fabric
	- fabric-textures-v0 1.0.12+3ac43d9560 via fabric
	- fabric-transfer-api-v1 1.6.3+f4563ac860 via fabric
	- fabric-transitive-access-wideners-v1 1.1.0+e747827960 via fabric
	- fabrication 3.0+1.18
	- fabricloader 0.14.8
	- fake-player-api 0.3.0 via create
	- fallingleaves 1.11.1+1.18.2
	- fastload 1.1.5
	- feature_nbt_deadlock_be_gone 2.0.0+1.18.2-rc1
	- ferritecore 4.2.1
	- fiber 0.23.0-2 via botania
	- flywheel 0.6.4-30 via create
	- forge_tags 2.1 via create
	- forgeconfigapiport 3.2.0
	- gargantuan 1.2.4
	- halfdoors 1.18.2-fabric-1.3.7
	- healingcampfire-fabric 3.7
	- hologram-api 0.2.1+1.18-pre5 via holograms
	- holograms 1.3.1+1.18.2
	- hookshot 25.0
	- icarus 1.11
	- indium 1.0.6+mc1.18.2
	- interference 1.3.9 via redbits
	- inventorymanagement 1.0.3
	- jade 5.99.6
	- jamlib 0.0.5
	- jankson 4.0.0+j1.2.0 via libgui
	- java 17
	- jsonem 0.1.1 via phonos
	- kanos_config 0.3.1+1.14.4-1.19 via pehkui
	- kirin 1.10.0 via presencefootsteps
	- krypton 0.1.9
	- kubejs 1802.5.4-build.533
	- kubejs_create 1802.2.2-build.26
	- kyrptconfig 1.4.6-1.18 via diggusmaximus
	- lambdynlights 2.1.0+1.17
	- lazydfu 0.1.2
	- libblockattributes 0.10.2 via simple_pipes_dep_container
	- libblockattributes_core 0.10.2 via libblockattributes
	- libblockattributes_fluids 0.10.2 via libblockattributes
	- libblockattributes_items 0.10.2 via libblockattributes
	- libgui 5.4.2+1.18.2 via plantinajar
	- libmultipart 0.7.2 via simple_pipes_dep_container
	- libnetworkstack 0.6.0 via simple_pipes_dep_container
	- libninepatch 1.1.0 via libgui
	- lifts 1.4.1-BETA+1.18
	- linkart 3.1.1-1.18.2
	- lithium 0.7.10
	- logical_zoom 0.0.14
	- magna 1.7.0-1.18-pre1 via modern_industrialization
	- matrix 1.0.0 via dimdoors
	- mcwbridges 2.0.3
	- mcwdoors 1.0.6
	- mcwfences 1.0.6
	- mcwlights 1.0.4
	- mcwpaintings 1.0.3
	- mcwpaths 1.0.0
	- mcwroofs 2.1.2
	- mcwtrpdoors 1.0.7
	- mcwwindows 2.0.3
	- memoryleakfix 1.18.2-0.7.0
	- milk 0.3.2 via create
	- milk_plus 3.0.1
	- minecraft 1.18.2
	- mm 2.3 via crawl
	- moderate-loading-screen 1.1.3
	- modern_industrialization 1.2.1
	- modmenu 3.2.3
	- moreculling 1.18.2-0.8.2
	- naturescompass 1.18.2-2.0.3-fabric
	- nmuk 1.0.1+mc1.18-pre1
	- no-resource-pack-warnings 1.0.0
	- noindium 1.0.2+1.18.2 via ae2
	- notenoughanimations 1.6.0
	- notenoughcrashes 4.1.6+1.18.2
	- omega-config 1.2.3-1.18.1 via capes
	- org_aperlambda_lambdajcommon 1.8.1 via spruceui
	- org_jetbrains_kotlin_kotlin-reflect 1.7.10 via fabric-language-kotlin
	- org_jetbrains_kotlin_kotlin-stdlib 1.7.10 via fabric-language-kotlin
	- org_jetbrains_kotlin_kotlin-stdlib-jdk7 1.7.10 via fabric-language-kotlin
	- org_jetbrains_kotlin_kotlin-stdlib-jdk8 1.7.10 via fabric-language-kotlin
	- org_jetbrains_kotlinx_atomicfu-jvm 0.18.2 via fabric-language-kotlin
	- org_jetbrains_kotlinx_kotlinx-coroutines-core-jvm 1.6.4 via fabric-language-kotlin
	- org_jetbrains_kotlinx_kotlinx-coroutines-jdk8 1.6.4 via fabric-language-kotlin
	- org_jetbrains_kotlinx_kotlinx-datetime-jvm 0.4.0 via fabric-language-kotlin
	- org_jetbrains_kotlinx_kotlinx-serialization-cbor-jvm 1.3.3 via fabric-language-kotlin
	- org_jetbrains_kotlinx_kotlinx-serialization-core-jvm 1.3.3 via fabric-language-kotlin
	- org_jetbrains_kotlinx_kotlinx-serialization-json-jvm 1.3.3 via fabric-language-kotlin
	- org_jgrapht_jgrapht-core 1.1.0 via dimdoors
	- org_joml_joml 1.10.2 via sodium
	- org_objenesis_objenesis 3.2 via plantinajar
	- owo 0.7.2-no-cme+1.18
	- oxidized 1.6.4
	- packet_tweaker 0.2.0+1.18-pre1 via server_translations_api
	- patchouli 1.18.2-71.1-FABRIC
	- pehkui 3.3.3+1.14.4-1.19.1
	- phonos 0.3+1.18.2
	- placeholder-api 1.1.3+1.17.1 via holograms
	- plantinajar 2.3.1
	- playerabilitylib 1.5.0 via modern_industrialization
	- porting_lib 1.2.421-beta+1.18.2-dev.b8d195a via create
	- powah 3.0.1-beta
	- presencefootsteps 1.5.1
	- pride 1.1.0+1.17 via fabrication
	- reach-entity-attributes 2.1.1 via botania
	- reborncore 5.2.0 via techreborn
	- redbits 1.13.2
	- redstonebits 1.8.2
	- reeses-sodium-options 1.4.4+mc1.18.2-build.46
	- registrate-fabric MC1.18.2-1.1.3 via create
	- repurposed_structures 4.1.14+1.18.2
	- rhino 1802.1.14-build.206
	- rightclickharvest 2.2.1+1.18
	- roughlyenoughitems 8.3.501
	- roughlyenoughresources 2.5.0
	- sandwichable 1.3+1.18.2
	- satin 1.7.2 via sync
	- seedfix 1.0.1
	- serialization_hooks 0.3.21 via porting_lib
	- server_translations_api 1.4.9+1.18.2-rc1 via holograms
	- simple_pipes 0.7.2 via simple_pipes_dep_container
	- simple_pipes_dep_container 0.7.2
	- skinlayers 1.4.6-mc1.18.2
	- smart-recipes 0.2.1+1.18.2 via sync
	- smoothboot 1.18.2-1.7.0
	- smwyg 1.0.1
	- snowpig 1.0.0
	- sodium 0.4.1+build.15
	- sodium-extra 0.4.6+mc1.18.2-build.46
	- spark 1.9.11
	- spruceui 3.3.0+1.17 via enhancedblockentities
	- starlight 1.0.2+fabric.89b8d9f
	- step-height-entity-attribute 1.0.0 via botania
	- sync 4.1
	- taxfreelevels 1.3
	- team_reborn_energy 2.2.0 via lifts
	- techreborn 5.2.0
	- terrablender 1.1.0.102
	- terraform-wood-api-v1 3.0.0 via blockus
	- trinkets 3.3.1
	- twigs 1.1.3-patch2+1.18.2
	- vmp 0.2.0+beta.3.77
	- waterdripsound 1.18-0.3.0
	- whereisit 1.14.10 via chesttracker
	- world_cutters 1.0.0
	- xaerominimap 22.12.0
	- xaeroworldmap 1.26.1
[08:27:18] [main/INFO]: SpongePowered MIXIN Subsystem Version=0.8.5 Source=file:/F:/MultiMC/libraries/net/fabricmc/sponge-mixin/0.11.4+mixin.0.8.5/sponge-mixin-0.11.4+mixin.0.8.5.jar Service=Knot/Fabric Env=CLIENT
[08:27:18] [main/INFO]: Compatibility level set to JAVA_16
[08:27:18] [main/INFO]: Compatibility level set to JAVA_17
[08:27:18] [main/INFO]: Configuration loaded successfully after 265.1762ms
[08:27:18] [main/INFO]: Successfully loaded configuration for C2ME
[08:27:18] [main/INFO]: Initializing C2ME Compatibility Module
[08:27:19] [main/INFO]: [MixinConfig] Not adding respawn_anchor_in_the_end.CheckIfCanSetSpawnMixin
[08:27:19] [main/INFO]: [MixinConfig] Not adding no_treasure_enchantment_trading.CheckIfTradeableMixin
[08:27:19] [main/INFO]: [MixinConfig] Not adding helper.CheckEnchantingPowerMixin
[08:27:19] [main/INFO]: [MixinConfig] Not adding no_cured_villager_discount.BypassReputationGossipMixin
[08:27:19] [main/INFO]: Preloading Debugify
[08:27:19] [main/INFO]: Done.
[08:27:19] [main/INFO]: [Fabrication] Reloading configs...
[08:27:19] [main/INFO]: [Fabrication] Loading of features.ini done in 34.57 ms with 0 warnings
[08:27:19] [main/WARN]: [Fabrication] Fabrication is about to inject into Mixin to add support for redirect tracking.
[08:27:19] [main/WARN]: Overriding InjectionInfo for @Redirect with com.unascribed.fabrication.support.injection.TrackingRedirectInjectionInfo (previously org.spongepowered.asm.mixin.injection.struct.RedirectInjectionInfo)
[08:27:19] [main/WARN]: Reference map 'JamLib-refmap.json' for jamlib.mixins.json could not be read. If this is a development environment you can ignore this message
[08:27:19] [main/INFO]: Loaded configuration file for Lithium: 102 options available, 2 override(s) found
[08:27:20] [main/WARN]: [Satin] Sodium is present, custom block renders may not work
[08:27:20] [main/INFO]: Loaded configuration file for Sodium: 29 options available, 0 override(s) found
[08:27:20] [main/INFO]: Loaded configuration file for Sodium Extra: 28 options available, 0 override(s) found
[08:27:20] [main/INFO]: Successfully started async appender with [ServerGuiConsole, SysOut, File]
[08:27:21] [main/WARN]: Mixin malte0811.ferritecore.mixin.threaddetec.PalettedContainerMixin is disabled automatically as lithium is installed
[08:27:21] [main/WARN]: Force-disabling mixin 'alloc.blockstate.StateMixin' as rule 'mixin.alloc.blockstate' (added by mods [ferritecore]) disables it and children
[08:27:21] [main/WARN]: Force-disabling mixin 'world.player_chunk_tick.ThreadedAnvilChunkStorageMixin' as rule 'mixin.world.player_chunk_tick' (added by mods [c2me, krypton, vmp]) disables it and children
[08:27:22] [main/INFO]: Adding mixins: [None]
[08:27:22] [main/INFO]: I used the json to destroy the json
[08:27:22] [main/INFO]: Trying to switch memory allocators to work around memory leaks present with Jemalloc 5.0.0 through 5.2.0 on Windows
[08:27:23] [main/INFO]: Smooth Boot config initialized
[08:27:23] [main/WARN]: Configuration conflict: there is more than one oshi.properties file on the classpath
[08:27:23] [main/WARN]: Configuration conflict: there is more than one oshi.architecture.properties file on the classpath
[08:27:25] [main/WARN]: @Inject(@At("INVOKE")) Shift.BY=2 on dripstone_fluid_lib.mixins.json:MinecraftClientMixin from mod dripstone_fluid_lib::handler$dnm000$dripstone_fluid_lib$handleParticles exceeds the maximum allowed value: 0. Increase the value of maxShiftBy to suppress this warning.
[08:27:28] [main/WARN]: Error loading class: org/spongepowered/asm/synthetic/args/Args$6 (java.lang.ClassNotFoundException: org/spongepowered/asm/synthetic/args/Args$6)
[08:27:30] [main/WARN]: Method overwrite conflict for setTranslation in flywheel.fabric.mixins.json:Matrix4fMixin from mod flywheel, previously written by io.github.fabricators_of_create.porting_lib.mixin.common.Matrix4fMixin. Skipping method.
[08:27:37] [main/INFO]: [bclib] Added Config betternether.main to auto sync (file hash)
[08:27:37] [main/INFO]: [bclib] Added Config betternether.generator to auto sync (file hash)
[08:27:37] [main/INFO]: [bclib] Added Config betternether.blocks to auto sync (file hash)
[08:27:37] [main/INFO]: [bclib] Added Config betternether.items to auto sync (file hash)
[08:27:37] [main/INFO]: [bclib] Added Config betternether.biomes to auto sync (file hash)
[08:27:37] [main/INFO]: [bclib] Added Config betternether.mobs to auto sync (file hash)
[08:27:37] [main/INFO]: [bclib] Added Config betternether.recipes to auto sync (file hash)
[08:27:37] [main/INFO]: [bclib] Added Config bclib.main to auto sync (content diff)
[08:27:37] [main/INFO]: [bclib] Added Config bclib.recipes to auto sync (file hash)
[08:27:38] [Render thread/INFO]: Environment: authHost='https://authserver.mojang.com', accountsHost='https://api.mojang.com', sessionHost='https://sessionserver.mojang.com', servicesHost='https://api.minecraftservices.com', name='PROD'
[08:27:38] [Render thread/INFO]: Setting user: Hri7566
[08:27:42] [Render thread/INFO]: imagine people still looking for these :hahayes:
[08:27:42] [Render thread/INFO]: [bclib] Added Config betterend.entities to auto sync (file hash)
[08:27:42] [Render thread/INFO]: [bclib] Added Config betterend.blocks to auto sync (file hash)
[08:27:42] [Render thread/INFO]: [bclib] Added Config betterend.items to auto sync (file hash)
[08:27:42] [Render thread/INFO]: [bclib] Added Config betterend.biomes to auto sync (file hash)
[08:27:42] [Render thread/INFO]: [bclib] Added Config betterend.recipes to auto sync (file hash)
[08:27:42] [Render thread/INFO]: [bclib] Added Config betterend.enchantments to auto sync (file hash)
[08:27:43] [Render thread/INFO]: [betternether] =^..^=    BetterNether for 1.18.2    =^..^=
[08:27:47] [Render thread/ERROR]: No data fixer registered for botania:mana_burst
[08:27:47] [Render thread/ERROR]: No data fixer registered for botania:pixie
[08:27:47] [Render thread/ERROR]: No data fixer registered for botania:flame_ring
[08:27:47] [Render thread/ERROR]: No data fixer registered for botania:vine_ball
[08:27:47] [Render thread/ERROR]: No data fixer registered for botania:doppleganger
[08:27:47] [Render thread/ERROR]: No data fixer registered for botania:magic_landmine
[08:27:47] [Render thread/ERROR]: No data fixer registered for botania:spark
[08:27:47] [Render thread/ERROR]: No data fixer registered for botania:thrown_item
[08:27:47] [Render thread/ERROR]: No data fixer registered for botania:magic_missile
[08:27:47] [Render thread/ERROR]: No data fixer registered for botania:thorn_chakram
[08:27:47] [Render thread/ERROR]: No data fixer registered for botania:corporea_spark
[08:27:47] [Render thread/ERROR]: No data fixer registered for botania:ender_air_bottle
[08:27:47] [Render thread/ERROR]: No data fixer registered for botania:pool_minecart
[08:27:47] [Render thread/ERROR]: No data fixer registered for botania:pink_wither
[08:27:47] [Render thread/ERROR]: No data fixer registered for botania:player_mover
[08:27:47] [Render thread/ERROR]: No data fixer registered for botania:mana_storm
[08:27:47] [Render thread/ERROR]: No data fixer registered for botania:babylon_weapon
[08:27:47] [Render thread/ERROR]: No data fixer registered for botania:falling_star
[08:27:47] [Render thread/ERROR]: No data fixer registered for botania:ender_air
[08:27:47] [Render thread/INFO]: BYG registries bootstrapped
[08:27:47] [Render thread/ERROR]: No data fixer registered for byg:boat
[08:27:48] [Render thread/INFO]: Initializing BYG network...
[08:27:48] [Render thread/INFO]: Initialized BYG network!
[08:27:48] [Render thread/INFO]: Oh The Biomes You'll Go (BYG) was initialized from "Fabric Mod Initializer"
[08:27:49] [Render thread/INFO]: [ModuleLoader] Enabled AerialAffinityEnchantment
[08:27:49] [Render thread/INFO]: [ModuleLoader] Enabled AllowTooExpensive
[08:27:49] [Render thread/INFO]: [ModuleLoader] Enabled AmethystNoteBlock
[08:27:49] [Render thread/INFO]: [ModuleLoader] Enabled Atlases
[08:27:49] [Render thread/INFO]: [ModuleLoader] Enabled AutoRestock
[08:27:49] [Render thread/INFO]: [ModuleLoader] Enabled AutomaticRecipeUnlock
[08:27:49] [Render thread/INFO]: [ModuleLoader] Enabled AzaleaWood
[08:27:49] [Render thread/INFO]: [ModuleLoader] Enabled BatBuckets
[08:27:49] [Render thread/INFO]: [ModuleLoader] Enabled BeaconsHealMobs
[08:27:49] [Render thread/INFO]: [ModuleLoader] Enabled Beekeepers
[08:27:49] [Render thread/INFO]: [ModuleLoader] Enabled BlockOfEnderPearls
[08:27:49] [Render thread/INFO]: [ModuleLoader] Enabled BlockOfGunpowder
[08:27:49] [Render thread/INFO]: [ModuleLoader] Enabled BlockOfSugar
[08:27:49] [Render thread/INFO]: [ModuleLoader] Enabled Bookcases
[08:27:49] [Render thread/INFO]: [ModuleLoader] Enabled CaveSpidersDropCobwebs
[08:27:49] [Render thread/INFO]: [ModuleLoader] Enabled Chairs
[08:27:49] [Render thread/INFO]: [ModuleLoader] Enabled ChickensDropFeathers
[08:27:49] [Render thread/INFO]: [ModuleLoader] Enabled ClearItemFrames
[08:27:49] [Render thread/INFO]: [ModuleLoader] Enabled CollectionEnchantment
[08:27:49] [Render thread/INFO]: [ModuleLoader] Enabled ColoredBundles
[08:27:49] [Render thread/INFO]: [ModuleLoader] Enabled ColoredNetherPortals
[08:27:49] [Render thread/INFO]: [ModuleLoader] Enabled CompassOverlay
[08:27:49] [Render thread/INFO]: [ModuleLoader] Enabled CoralSeaLanterns
[08:27:49] [Render thread/INFO]: [ModuleLoader] Enabled CoralSquids
[08:27:49] [Render thread/INFO]: [ModuleLoader] Enabled Core
[08:27:49] [Render thread/INFO]: [ModuleLoader] Enabled DiscsStopBackgroundMusic
[08:27:49] [Render thread/INFO]: [ModuleLoader] Enabled EditableSigns
[08:27:49] [Render thread/INFO]: [ModuleLoader] Enabled EndermitePowder
[08:27:49] [Render thread/INFO]: [ModuleLoader] Enabled ExtraBoats
[08:27:49] [Render thread/INFO]: [ModuleLoader] Enabled ExtraRecipes
[08:27:49] [Render thread/INFO]: [ModuleLoader] Enabled ExtraTrades
[08:27:49] [Render thread/INFO]: [ModuleLoader] Enabled ExtractEnchantments
[08:27:49] [Render thread/INFO]: [ModuleLoader] Enabled GentlePotionParticles
[08:27:49] [Render thread/INFO]: [ModuleLoader] Enabled GoatsDropMutton
[08:27:49] [Render thread/INFO]: [ModuleLoader] Enabled GrindableArmor
[08:27:49] [Render thread/INFO]: [ModuleLoader] Enabled HoverSorting
[08:27:49] [Render thread/INFO]: [ModuleLoader] Enabled HusksDropSand
[08:27:49] [Render thread/INFO]: [ModuleLoader] Enabled HusksSpawnUnderground
[08:27:49] [Render thread/INFO]: [ModuleLoader] Enabled ImprovedFortressLoot
[08:27:49] [Render thread/INFO]: [ModuleLoader] Enabled ImprovedMansionLoot
[08:27:49] [Render thread/INFO]: [ModuleLoader] Enabled ImprovedMineshafts
[08:27:49] [Render thread/INFO]: [ModuleLoader] Enabled InventoryTidying
[08:27:49] [Render thread/INFO]: [ModuleLoader] Enabled Kilns
[08:27:49] [Render thread/INFO]: [ModuleLoader] Enabled LavaBucketDestroysItems
[08:27:49] [Render thread/INFO]: [ModuleLoader] Enabled LowerNoteblockPitch
[08:27:49] [Render thread/INFO]: [ModuleLoader] Enabled Lumberjacks
[08:27:49] [Render thread/INFO]: [ModuleLoader] Enabled MapTooltip
[08:27:49] [Render thread/INFO]: [ModuleLoader] Enabled Mooblooms
[08:27:49] [Render thread/INFO]: [ModuleLoader] Enabled MorePortalFrames
[08:27:49] [Render thread/INFO]: [ModuleLoader] Enabled NoCropTrampling
[08:27:49] [Render thread/INFO]: [ModuleLoader] Enabled NoPetDamage
[08:27:49] [Render thread/INFO]: [ModuleLoader] Enabled NoPotionGlint
[08:27:49] [Render thread/INFO]: [ModuleLoader] Enabled NoSpyglassScope
[08:27:49] [Render thread/INFO]: [ModuleLoader] Enabled OpenBothDoors
[08:27:49] [Render thread/INFO]: [ModuleLoader] Enabled ParrotsStayOnShoulder
[08:27:49] [Render thread/INFO]: [ModuleLoader] Enabled PathToDirt
[08:27:49] [Render thread/INFO]: [ModuleLoader] Enabled PlayerPressurePlates
[08:27:49] [Render thread/INFO]: [ModuleLoader] Enabled PlayerState
[08:27:49] [Render thread/INFO]: [ModuleLoader] Enabled PortableCrafting
[08:27:49] [Render thread/INFO]: [ModuleLoader] Enabled QuickReplant
[08:27:49] [Render thread/INFO]: [ModuleLoader] Enabled RaidHorns
[08:27:49] [Render thread/INFO]: [ModuleLoader] Enabled RedstoneLanterns
[08:27:49] [Render thread/INFO]: [ModuleLoader] Enabled RedstoneSand
[08:27:49] [Render thread/INFO]: [ModuleLoader] Enabled RepairElytraFromLeather
[08:27:49] [Render thread/INFO]: [ModuleLoader] Enabled RepairNetheriteFromScrap
[08:27:49] [Render thread/INFO]: [ModuleLoader] Enabled RepairTridentsFromShards
[08:27:49] [Render thread/INFO]: [ModuleLoader] Enabled ShowRepairCost
[08:27:49] [Render thread/INFO]: [ModuleLoader] Enabled ShulkerBoxDragDrop
[08:27:49] [Render thread/INFO]: [ModuleLoader] Enabled ShulkerBoxTooltip
[08:27:49] [Render thread/INFO]: [ModuleLoader] Enabled SnowAccumulation
[08:27:49] [Render thread/INFO]: [ModuleLoader] Enabled StackableEnchantedBooks
[08:27:49] [Render thread/INFO]: [ModuleLoader] Enabled StackablePotions
[08:27:49] [Render thread/INFO]: [ModuleLoader] Enabled StackableStews
[08:27:49] [Render thread/INFO]: [ModuleLoader] Enabled StraysDropBlueIce
[08:27:49] [Render thread/INFO]: [ModuleLoader] Enabled StraysSpawnUnderground
[08:27:49] [Render thread/INFO]: [ModuleLoader] Enabled StrongerAnvils
[08:27:49] [Render thread/INFO]: [ModuleLoader] Enabled TotemOfPreserving
[08:27:49] [Render thread/INFO]: [ModuleLoader] Enabled TotemWorksFromInventory
[08:27:49] [Render thread/INFO]: [ModuleLoader] Enabled VariantBarrels
[08:27:49] [Render thread/INFO]: [ModuleLoader] Enabled VariantBars
[08:27:49] [Render thread/INFO]: [ModuleLoader] Enabled VariantBookshelves
[08:27:49] [Render thread/INFO]: [ModuleLoader] Enabled VariantChains
[08:27:49] [Render thread/INFO]: [ModuleLoader] Enabled VariantChests
[08:27:49] [Render thread/INFO]: [ModuleLoader] Enabled VariantLadders
[08:27:49] [Render thread/INFO]: [ModuleLoader] Enabled VariantLanterns
[08:27:49] [Render thread/INFO]: [ModuleLoader] Enabled VariantMobTextures
[08:27:49] [Render thread/INFO]: [ModuleLoader] Enabled VillagersFollowEmeraldBlocks
[08:27:49] [Render thread/INFO]: [ModuleLoader] Enabled WanderingTraderMaps
[08:27:49] [Render thread/INFO]: [ModuleLoader] Enabled WeatheringIron
[08:27:49] [Render thread/INFO]: [ModuleLoader] Enabled WitchesDropLuck
[08:27:49] [Render thread/INFO]: [ModuleLoader] Enabled Woodcutters
[08:27:49] [Render thread/INFO]: [ModuleLoader] Running AerialAffinityEnchantment
[08:27:49] [Render thread/INFO]: [ModuleLoader] Running AllowTooExpensive
[08:27:49] [Render thread/INFO]: [ModuleLoader] Running AmethystNoteBlock
[08:27:49] [Render thread/INFO]: [ModuleLoader] Running Atlases
[08:27:49] [Render thread/INFO]: [ModuleLoader] Running AutoRestock
[08:27:49] [Render thread/INFO]: [ModuleLoader] Running AutomaticRecipeUnlock
[08:27:49] [Render thread/INFO]: [ModuleLoader] Running AzaleaWood
[08:27:49] [Render thread/INFO]: [ModuleLoader] Running BatBuckets
[08:27:49] [Render thread/INFO]: [ModuleLoader] Running BeaconsHealMobs
[08:27:49] [Render thread/INFO]: [ModuleLoader] Running Beekeepers
[08:27:49] [Render thread/INFO]: [ModuleLoader] Running BlockOfEnderPearls
[08:27:49] [Render thread/INFO]: [ModuleLoader] Running BlockOfGunpowder
[08:27:49] [Render thread/INFO]: [ModuleLoader] Running BlockOfSugar
[08:27:49] [Render thread/INFO]: [ModuleLoader] Running Bookcases
[08:27:49] [Render thread/INFO]: [ModuleLoader] Running CaveSpidersDropCobwebs
[08:27:49] [Render thread/INFO]: [ModuleLoader] Running Chairs
[08:27:49] [Render thread/INFO]: [ModuleLoader] Running ChickensDropFeathers
[08:27:49] [Render thread/INFO]: [ModuleLoader] Running ClearItemFrames
[08:27:49] [Render thread/INFO]: [ModuleLoader] Running CollectionEnchantment
[08:27:49] [Render thread/INFO]: [ModuleLoader] Running ColoredBundles
[08:27:49] [Render thread/INFO]: [ModuleLoader] Running ColoredNetherPortals
[08:27:49] [Render thread/INFO]: [ModuleLoader] Running CompassOverlay
[08:27:49] [Render thread/INFO]: [ModuleLoader] Running CoralSeaLanterns
[08:27:49] [Render thread/INFO]: [ModuleLoader] Running CoralSquids
[08:27:49] [Render thread/INFO]: [ModuleLoader] Running Core
[08:27:49] [Render thread/INFO]: [ModuleLoader] Running DiscsStopBackgroundMusic
[08:27:49] [Render thread/INFO]: [ModuleLoader] Running EditableSigns
[08:27:49] [Render thread/INFO]: [ModuleLoader] Running EndermitePowder
[08:27:49] [Render thread/INFO]: [ModuleLoader] Running ExtraBoats
[08:27:49] [Render thread/INFO]: [ModuleLoader] Running ExtraRecipes
[08:27:49] [Render thread/INFO]: [ModuleLoader] Running ExtraTrades
[08:27:49] [Render thread/INFO]: [ModuleLoader] Running ExtractEnchantments
[08:27:49] [Render thread/INFO]: [ModuleLoader] Running GentlePotionParticles
[08:27:49] [Render thread/INFO]: [ModuleLoader] Running GoatsDropMutton
[08:27:49] [Render thread/INFO]: [ModuleLoader] Running GrindableArmor
[08:27:49] [Render thread/INFO]: [ModuleLoader] Running HoverSorting
[08:27:49] [Render thread/INFO]: [ModuleLoader] Running HusksDropSand
[08:27:49] [Render thread/INFO]: [ModuleLoader] Running HusksSpawnUnderground
[08:27:49] [Render thread/INFO]: [ModuleLoader] Running ImprovedFortressLoot
[08:27:49] [Render thread/INFO]: [ModuleLoader] Running ImprovedMansionLoot
[08:27:49] [Render thread/INFO]: [ModuleLoader] Running ImprovedMineshafts
[08:27:49] [Render thread/INFO]: [ModuleLoader] Running InventoryTidying
[08:27:49] [Render thread/INFO]: [ModuleLoader] Running Kilns
[08:27:49] [Render thread/INFO]: [ModuleLoader] Running LavaBucketDestroysItems
[08:27:49] [Render thread/INFO]: [ModuleLoader] Running LowerNoteblockPitch
[08:27:49] [Render thread/INFO]: [ModuleLoader] Running Lumberjacks
[08:27:49] [Render thread/INFO]: [ModuleLoader] Running MapTooltip
[08:27:49] [Render thread/INFO]: [ModuleLoader] Running Mooblooms
[08:27:49] [Render thread/INFO]: [ModuleLoader] Running MorePortalFrames
[08:27:49] [Render thread/INFO]: [ModuleLoader] Running NoCropTrampling
[08:27:49] [Render thread/INFO]: [ModuleLoader] Running NoPetDamage
[08:27:49] [Render thread/INFO]: [ModuleLoader] Running NoPotionGlint
[08:27:49] [Render thread/INFO]: [ModuleLoader] Running NoSpyglassScope
[08:27:49] [Render thread/INFO]: [ModuleLoader] Running OpenBothDoors
[08:27:49] [Render thread/INFO]: [ModuleLoader] Running ParrotsStayOnShoulder
[08:27:49] [Render thread/INFO]: [ModuleLoader] Running PathToDirt
[08:27:49] [Render thread/INFO]: [ModuleLoader] Running PlayerPressurePlates
[08:27:49] [Render thread/INFO]: [ModuleLoader] Running PlayerState
[08:27:49] [Render thread/INFO]: [ModuleLoader] Running PortableCrafting
[08:27:49] [Render thread/INFO]: [ModuleLoader] Running QuickReplant
[08:27:49] [Render thread/INFO]: [ModuleLoader] Running RaidHorns
[08:27:49] [Render thread/INFO]: [ModuleLoader] Running RedstoneLanterns
[08:27:49] [Render thread/INFO]: [ModuleLoader] Running RedstoneSand
[08:27:49] [Render thread/INFO]: [ModuleLoader] Running RepairElytraFromLeather
[08:27:49] [Render thread/INFO]: [ModuleLoader] Running RepairNetheriteFromScrap
[08:27:49] [Render thread/INFO]: [ModuleLoader] Running RepairTridentsFromShards
[08:27:49] [Render thread/INFO]: [ModuleLoader] Running ShowRepairCost
[08:27:49] [Render thread/INFO]: [ModuleLoader] Running ShulkerBoxDragDrop
[08:27:49] [Render thread/INFO]: [ModuleLoader] Running ShulkerBoxTooltip
[08:27:49] [Render thread/INFO]: [ModuleLoader] Running SnowAccumulation
[08:27:49] [Render thread/INFO]: [ModuleLoader] Running StackableEnchantedBooks
[08:27:49] [Render thread/INFO]: [ModuleLoader] Running StackablePotions
[08:27:49] [Render thread/INFO]: [ModuleLoader] Running StackableStews
[08:27:49] [Render thread/INFO]: [ModuleLoader] Running StraysDropBlueIce
[08:27:49] [Render thread/INFO]: [ModuleLoader] Running StraysSpawnUnderground
[08:27:49] [Render thread/INFO]: [ModuleLoader] Running StrongerAnvils
[08:27:49] [Render thread/INFO]: [ModuleLoader] Running TotemOfPreserving
[08:27:49] [Render thread/INFO]: [ModuleLoader] Running TotemWorksFromInventory
[08:27:49] [Render thread/INFO]: [ModuleLoader] Running VariantBarrels
[08:27:49] [Render thread/INFO]: [ModuleLoader] Running VariantBars
[08:27:49] [Render thread/INFO]: [ModuleLoader] Running VariantBookshelves
[08:27:49] [Render thread/INFO]: [ModuleLoader] Running VariantChains
[08:27:49] [Render thread/INFO]: [ModuleLoader] Running VariantChests
[08:27:49] [Render thread/INFO]: [ModuleLoader] Running VariantLadders
[08:27:49] [Render thread/INFO]: [ModuleLoader] Running VariantLanterns
[08:27:49] [Render thread/INFO]: [ModuleLoader] Running VariantMobTextures
[08:27:49] [Render thread/INFO]: [ModuleLoader] Running VillagersFollowEmeraldBlocks
[08:27:49] [Render thread/INFO]: [ModuleLoader] Running WanderingTraderMaps
[08:27:49] [Render thread/INFO]: [ModuleLoader] Running WeatheringIron
[08:27:49] [Render thread/INFO]: [ModuleLoader] Running WitchesDropLuck
[08:27:49] [Render thread/INFO]: [ModuleLoader] Running Woodcutters
[08:27:49] [Render thread/INFO]: Hello Fabric world!
[08:27:49] [Render thread/INFO]: clickadv mod initialized
[08:27:49] [Render thread/INFO]: [STDOUT]: Loading Collective (Fabric) version 4.36.
[08:27:50] [Render thread/INFO]: Cooldown Coordinator library loaded.
[08:27:51] [Render thread/WARN]: Encountered duplicate API provider registration for item: minecraft:bucket
[08:27:52] [Render thread/WARN]: Encountered duplicate API provider registration for item: minecraft:glass_bottle
[08:27:52] [Render thread/WARN]: Encountered duplicate API provider registration for item: minecraft:bucket
[08:27:52] [Render thread/WARN]: Encountered duplicate API provider registration for item: minecraft:glass_bottle
[08:27:52] [Render thread/WARN]: Encountered duplicate API provider registration for item: minecraft:bucket
[08:27:53] [Render thread/INFO]: Saving config because the loaded bug fixes are different to stored json.
[08:27:53] [Render thread/INFO]: Saving Debugify
[08:27:53] [Render thread/INFO]: Successfully Debugify'd your game!
[08:27:53] [Render thread/INFO]: Proudly fixes 14 bugs!
[08:27:53] [Render thread/INFO]: Loaded door json from F:\MultiMC\instances\roosterface\.minecraft\config\dimdoors\doors\dungeon_door.json with id dimdoors:dungeon_door
[08:27:53] [Render thread/INFO]: Loaded door json from F:\MultiMC\instances\roosterface\.minecraft\config\dimdoors\doors\gold_dimensional_door.json with id dimdoors:gold_dimensional_door
[08:27:53] [Render thread/INFO]: Loaded door json from F:\MultiMC\instances\roosterface\.minecraft\config\dimdoors\doors\iron_dimensional_door.json with id dimdoors:iron_dimensional_door
[08:27:53] [Render thread/INFO]: Loaded door json from F:\MultiMC\instances\roosterface\.minecraft\config\dimdoors\doors\oak_dimensional_door.json with id dimdoors:oak_dimensional_door
[08:27:53] [Render thread/INFO]: Loaded door json from F:\MultiMC\instances\roosterface\.minecraft\config\dimdoors\doors\quartz_dimensional_door.json with id dimdoors:quartz_dimensional_door
[08:27:53] [Render thread/INFO]: Ductwork makes the Dreamwork!
[08:27:53] [Render thread/INFO]: [bclib] Added Config edenring.blocks to auto sync (file hash)
[08:27:53] [Render thread/INFO]: [bclib] Added Config edenring.items to auto sync (file hash)
[08:27:53] [Render thread/INFO]: [bclib] Added Config edenring.entities to auto sync (file hash)
[08:27:53] [Render thread/INFO]: [bclib] Added Config edenring.recipes to auto sync (file hash)
[08:27:53] [Render thread/INFO]: [bclib] Added Config edenring.recipes to auto sync (file hash)
[08:27:53] [Render thread/INFO]: [bclib] Added Config edenring.biomes to auto sync (file hash)
[08:27:54] [Render thread/INFO]: [Fabrication] Loading of dimensional_tools.ini done in 3.892 ms with 0 warnings
[08:27:54] [Render thread/INFO]: [Fabrication] Loading of block_logo.png done in 25.15 ms with 0 warnings
[08:27:54] [Render thread/INFO]: [Fabrication] Loading of block_logo.ini done in 26.65 ms with 0 warnings
[08:27:54] [Render thread/INFO]: [Fabrication] Loading of classic_block_drops.ini done in 1.551 ms with 0 warnings
[08:27:54] [Render thread/INFO]: [Fabrication] Loading of fscript.ini done in 1.748 ms with 0 warnings
[08:27:54] [Render thread/INFO]: [Fabrication] Loading of gear_components.ini done in 13.05 ms with 0 warnings
[08:27:54] [Render thread/INFO]: [Fabrication] Loading of item_despawn.ini done in 521.5 ?s with 0 warnings
[08:27:54] [Render thread/INFO]: [Fabrication] Loading of taggable_players.ini done in 5.687 ms with 0 warnings
[08:27:54] [Render thread/INFO]: [Fabrication] Loading of yeet_recipes.ini done in 395.5 ?s with 0 warnings
[08:27:54] [Render thread/WARN]: @Redirect conflict. Skipping lithium.mixins.json:alloc.entity_tracker.EntityTrackerMixin from mod lithium->@Redirect::useFasterCollection()Ljava/util/Set; with priority 1000, already redirected by krypton.mixins.json:shared.network.microopt.TacsTrackedEntityMixin from mod krypton->@Redirect::construct$useFastutil()Ljava/util/Set; with priority 1000
[08:27:54] [Render thread/WARN]: Fastload may cause issues, report them to us instead of other mod authors
[08:27:54] [Render thread/INFO]: Start loading plugin from jade
[08:27:54] [Render thread/INFO]: Start loading plugin from jade
[08:27:54] [Render thread/INFO]: Start loading plugin from jade
[08:27:54] [Render thread/INFO]: JamLib has been initialized
[08:27:54] [Render thread/INFO]: Compression will use Java 11, encryption will use Java
[08:27:54] [Render thread/INFO]: Looking for KubeJS plugins...
[08:27:54] [Render thread/INFO]: Found plugin source kubejs
[08:27:54] [Render thread/INFO]: Found plugin source kubejs_create
[08:27:54] [Render thread/INFO]: Found plugin source modern_industrialization
[08:27:54] [Render thread/INFO]: Done in 21.68 ms
[08:27:54] [Render thread/INFO]: Loaded common.properties
[08:27:55] [Render thread/INFO]: Hello, World! (You will only see this line once in console, during startup)
[08:27:55] [Render thread/INFO]: Loaded script startup_scripts:script.js in 0.096 s
[08:27:55] [Render thread/INFO]: Loaded 1/1 KubeJS startup scripts in 0.282 s
[08:27:55] [Render thread/ERROR]: Error occurred while handling event 'item.registry': TypeError: Cannot find function attackDamageBaselne in object dev.latvian.mods.kubejs.item.custom.SwordItemBuilder@7f34f1. (startup_scripts:script.js#12)
[08:27:55] [Render thread/INFO]: Hello, World! (You will see this line every time client resources reload)
[08:27:55] [Render thread/INFO]: Loaded script client_scripts:script.js in 0.001 s
[08:27:55] [Render thread/INFO]: Loaded 1/1 KubeJS client scripts in 0.009 s
[08:27:55] [Render thread/INFO]: Trying to read config file...
[08:27:55] [Render thread/INFO]: A config file was found, loading it..
[08:27:55] [Render thread/INFO]: Successfully loaded config file.
[08:27:56] [Render thread/INFO]: Registering ModBlocks for mcwbridges
[08:27:56] [Render thread/INFO]: Registering Mod Items for mcwbridges
[08:27:56] [Render thread/INFO]: Registering ModBlocks for mcwdoors
[08:27:56] [Render thread/INFO]: Registering Mod Items for mcwdoors
[08:27:56] [Render thread/INFO]: Registering ModBlocks for mcwfences
[08:27:56] [Render thread/INFO]: Registering ModBlocks for mcwlights
[08:27:56] [Render thread/INFO]: Registering Paintings for mcwpaintings
[08:27:56] [Render thread/INFO]: Registering ModBlocks for mcwpaths
[08:27:56] [Render thread/INFO]: Registering ModBlocks for mcwroofs
[08:27:56] [Render thread/INFO]: Registering Mod Items for mcwroofs
[08:27:56] [Render thread/INFO]: Registering ModBlocks for mcwtrpdoors
[08:27:56] [Render thread/INFO]: Registering Mod Items for mcwtrpdoors
[08:27:56] [Render thread/INFO]: Registering ModBlocks for mcwwindows
[08:27:56] [Render thread/INFO]: Registering Mod Items for mcwwindows
[08:27:56] [Render thread/WARN]: Encountered duplicate API provider registration for item: minecraft:glass_bottle
[08:27:56] [Render thread/INFO]: Definitely not up to no good
[08:27:57] [Render thread/INFO]: Setting up Nuclear Items
[08:27:57] [Render thread/INFO]: Modern Industrialization setup done!
[08:27:57] [Render thread/INFO]: [STDOUT]: You Can Put Your Plants In Jars Now!
[08:27:57] [Render thread/INFO]: RedBits detected Patchouli! Adding guide book to loot tables...
[08:27:57] [Render thread/INFO]: Redstone Bits config version 1
[08:27:58] [Render thread/INFO]: Initializing RightClickHarvest...
[08:27:58] [Render thread/INFO]: [REI] Config loaded.
[08:27:58] [Render thread/INFO]: [REI] Registered plugin provider DefaultPlugin [roughlyenoughitems] for REIPlugin
[08:27:58] [Render thread/INFO]: [REI] Registered plugin provider DefaultRuntimePlugin [roughlyenoughitems] for REIPlugin
[08:27:58] [Render thread/WARN]: The entrypoint used by Adorn, "rei" is deprecated and will be removed in a future version of Roughly Enough Items. Please use "rei_server", "rei_client" or "rei_common" instead.
[08:27:58] [Render thread/INFO]: [REI] Registered plugin provider AdornReiClient [adorn] for REIPlugin
[08:27:58] [Render thread/WARN]: The entrypoint used by Adorn, "rei" is deprecated and will be removed in a future version of Roughly Enough Items. Please use "rei_server", "rei_client" or "rei_common" instead.
[08:27:58] [Render thread/INFO]: [REI] Registered plugin provider AdornReiServer [adorn] for REIPlugin
[08:27:58] [Render thread/WARN]: The entrypoint used by AppleSkin, "rei" is deprecated and will be removed in a future version of Roughly Enough Items. Please use "rei_server", "rei_client" or "rei_common" instead.
[08:27:58] [Render thread/INFO]: [REI] Registered plugin provider REITooltipPlugin [appleskin] for REIPlugin
[08:27:58] [Render thread/WARN]: The entrypoint used by Charm, "rei" is deprecated and will be removed in a future version of Roughly Enough Items. Please use "rei_server", "rei_client" or "rei_common" instead.
[08:27:58] [Render thread/INFO]: [REI] Registered plugin provider CharmReiClientPlugin [charm] for REIPlugin
[08:27:58] [Render thread/WARN]: The entrypoint used by Charm, "rei" is deprecated and will be removed in a future version of Roughly Enough Items. Please use "rei_server", "rei_client" or "rei_common" instead.
[08:27:58] [Render thread/INFO]: [REI] Registered plugin provider CharmReiServerPlugin [charm] for REIPlugin
[08:27:58] [Render thread/WARN]: The entrypoint used by Half Doors, "rei" is deprecated and will be removed in a future version of Roughly Enough Items. Please use "rei_server", "rei_client" or "rei_common" instead.
[08:27:58] [Render thread/INFO]: [REI] Registered plugin provider HalfDoorsREIPlugin [halfdoors] for REIPlugin
[08:27:58] [Render thread/WARN]: The entrypoint used by Jade, "rei" is deprecated and will be removed in a future version of Roughly Enough Items. Please use "rei_server", "rei_client" or "rei_common" instead.
[08:27:58] [Render thread/INFO]: [REI] Registered plugin provider REICompat [jade] for REIPlugin
[08:27:58] [Render thread/WARN]: The entrypoint used by Oxidized, "rei" is deprecated and will be removed in a future version of Roughly Enough Items. Please use "rei_server", "rei_client" or "rei_common" instead.
[08:27:58] [Render thread/INFO]: [REI] Registered plugin provider OxidizedREIPlugin [oxidized] for REIPlugin
[08:27:58] [Render thread/WARN]: The entrypoint used by Roughly Enough Resources, "rei" is deprecated and will be removed in a future version of Roughly Enough Items. Please use "rei_server", "rei_client" or "rei_common" instead.
[08:27:58] [Render thread/INFO]: [REI] Registered plugin provider PluginEntry [roughlyenoughresources] for REIPlugin
[08:27:58] [Render thread/WARN]: The entrypoint used by Tech Reborn, "rei" is deprecated and will be removed in a future version of Roughly Enough Items. Please use "rei_server", "rei_client" or "rei_common" instead.
[08:27:59] [Render thread/INFO]: [REI] Registered plugin provider ReiPlugin [techreborn] for REIPlugin
[08:27:59] [Render thread/INFO]: [REI] Registered plugin provider create:rei_plugin [create] for REIPlugin
[08:27:59] [Render thread/INFO]: [REI] Registered plugin provider DefaultClientPlugin [roughlyenoughitems] for REIPlugin
[08:27:59] [Render thread/INFO]: [REI] Registered plugin provider DefaultClientRuntimePlugin [roughlyenoughitems] for REIPlugin
[08:27:59] [Render thread/WARN]: The entrypoint used by Applied Energistics 2, "rei_plugins" is deprecated and will be removed in a future version of Roughly Enough Items. Please use "rei_server", "rei_client" or "rei_common" instead.
[08:27:59] [Render thread/INFO]: [REI] Registered plugin provider AE2 [ae2] for REIPlugin
[08:27:59] [Render thread/WARN]: The entrypoint used by AE2WTLib, "rei_plugins" is deprecated and will be removed in a future version of Roughly Enough Items. Please use "rei_server", "rei_client" or "rei_common" instead.
[08:27:59] [Render thread/INFO]: [REI] Registered plugin provider ae2wtlib [ae2wtlib] for REIPlugin
[08:27:59] [Render thread/WARN]: The entrypoint used by Alloy Forgery, "rei_plugins" is deprecated and will be removed in a future version of Roughly Enough Items. Please use "rei_server", "rei_client" or "rei_common" instead.
[08:27:59] [Render thread/INFO]: [REI] Registered plugin provider AlloyForgeryPlugin [alloy_forgery] for REIPlugin
[08:27:59] [Render thread/WARN]: The entrypoint used by Better End, "rei_plugins" is deprecated and will be removed in a future version of Roughly Enough Items. Please use "rei_server", "rei_client" or "rei_common" instead.
[08:27:59] [Render thread/INFO]: [REI] Registered plugin provider REIPlugin [betterend] for REIPlugin
[08:27:59] [Render thread/WARN]: The entrypoint used by Chipped, "rei_plugins" is deprecated and will be removed in a future version of Roughly Enough Items. Please use "rei_server", "rei_client" or "rei_common" instead.
[08:27:59] [Render thread/INFO]: [REI] Registered plugin provider REIChippedPlugin [chipped] for REIPlugin
[08:27:59] [Render thread/WARN]: The entrypoint used by Disenchanter, "rei_plugins" is deprecated and will be removed in a future version of Roughly Enough Items. Please use "rei_server", "rei_client" or "rei_common" instead.
[08:27:59] [Render thread/INFO]: [REI] Registered plugin provider DisenchanterReiPlugin [disenchanter] for REIPlugin
[08:27:59] [Render thread/WARN]: The entrypoint used by KubeJS, "rei_plugins" is deprecated and will be removed in a future version of Roughly Enough Items. Please use "rei_server", "rei_client" or "rei_common" instead.
[08:27:59] [Render thread/INFO]: [REI] Registered plugin provider KubeJSREIPlugin [kubejs] for REIPlugin
[08:27:59] [Render thread/WARN]: The entrypoint used by Modern Industrialization, "rei_plugins" is deprecated and will be removed in a future version of Roughly Enough Items. Please use "rei_server", "rei_client" or "rei_common" instead.
[08:27:59] [Render thread/INFO]: [REI] Registered plugin provider MIREIPlugin [modern_industrialization] for REIPlugin
[08:27:59] [Render thread/WARN]: The entrypoint used by Modern Industrialization, "rei_plugins" is deprecated and will be removed in a future version of Roughly Enough Items. Please use "rei_server", "rei_client" or "rei_common" instead.
[08:27:59] [Render thread/INFO]: [REI] Registered plugin provider FluidFuelsPlugin [modern_industrialization] for REIPlugin
[08:27:59] [Render thread/WARN]: The entrypoint used by Modern Industrialization, "rei_plugins" is deprecated and will be removed in a future version of Roughly Enough Items. Please use "rei_server", "rei_client" or "rei_common" instead.
[08:27:59] [Render thread/INFO]: [REI] Registered plugin provider ForgeHammerRecipePlugin [modern_industrialization] for REIPlugin
[08:27:59] [Render thread/WARN]: The entrypoint used by Modern Industrialization, "rei_plugins" is deprecated and will be removed in a future version of Roughly Enough Items. Please use "rei_server", "rei_client" or "rei_common" instead.
[08:27:59] [Render thread/INFO]: [REI] Registered plugin provider MachinesPlugin [modern_industrialization] for REIPlugin
[08:27:59] [Render thread/WARN]: The entrypoint used by Modern Industrialization, "rei_plugins" is deprecated and will be removed in a future version of Roughly Enough Items. Please use "rei_server", "rei_client" or "rei_common" instead.
[08:27:59] [Render thread/INFO]: [REI] Registered plugin provider NeutronInteractionPlugin [modern_industrialization] for REIPlugin
[08:27:59] [Render thread/WARN]: The entrypoint used by o?o, "rei_plugins" is deprecated and will be removed in a future version of Roughly Enough Items. Please use "rei_server", "rei_client" or "rei_common" instead.
[08:27:59] [Render thread/INFO]: [REI] Registered plugin provider OwoReiPlugin [owo] for REIPlugin
[08:27:59] [Render thread/WARN]: The entrypoint used by SimplePipeTest, "rei_plugins" is deprecated and will be removed in a future version of Roughly Enough Items. Please use "rei_server", "rei_client" or "rei_common" instead.
[08:27:59] [Render thread/INFO]: [REI] Registered plugin provider REIPlugin [simple_pipes] for REIPlugin
[08:27:59] [Render thread/WARN]: The entrypoint used by Botania, "rei_plugins_v0" is deprecated and will be removed in a future version of Roughly Enough Items. Please use "rei_server", "rei_client" or "rei_common" instead.
[08:27:59] [Render thread/INFO]: [REI] Registered plugin provider BotaniaREIPlugin [botania] for REIPlugin
[08:27:59] [Render thread/WARN]: The entrypoint used by Sandwichable, "rei_plugins_v0" is deprecated and will be removed in a future version of Roughly Enough Items. Please use "rei_server", "rei_client" or "rei_common" instead.
[08:27:59] [Render thread/INFO]: [REI] Registered plugin provider SandwichableREI [sandwichable] for REIPlugin
[08:27:59] [Render thread/INFO]: [REI] Registered plugin provider DefaultPlugin [roughlyenoughitems] for REIServerPlugin
[08:27:59] [Render thread/INFO]: [REI] Registered plugin provider DefaultRuntimePlugin [roughlyenoughitems] for REIServerPlugin
[08:27:59] [Render thread/WARN]: The entrypoint used by Adorn, "rei" is deprecated and will be removed in a future version of Roughly Enough Items. Please use "rei_server", "rei_client" or "rei_common" instead.
[08:27:59] [Render thread/WARN]: The entrypoint used by Adorn, "rei" is deprecated and will be removed in a future version of Roughly Enough Items. Please use "rei_server", "rei_client" or "rei_common" instead.
[08:27:59] [Render thread/INFO]: [REI] Registered plugin provider AdornReiServer [adorn] for REIServerPlugin
[08:27:59] [Render thread/WARN]: The entrypoint used by AppleSkin, "rei" is deprecated and will be removed in a future version of Roughly Enough Items. Please use "rei_server", "rei_client" or "rei_common" instead.
[08:27:59] [Render thread/WARN]: The entrypoint used by Charm, "rei" is deprecated and will be removed in a future version of Roughly Enough Items. Please use "rei_server", "rei_client" or "rei_common" instead.
[08:27:59] [Render thread/WARN]: The entrypoint used by Charm, "rei" is deprecated and will be removed in a future version of Roughly Enough Items. Please use "rei_server", "rei_client" or "rei_common" instead.
[08:27:59] [Render thread/INFO]: [REI] Registered plugin provider CharmReiServerPlugin [charm] for REIServerPlugin
[08:27:59] [Render thread/WARN]: The entrypoint used by Half Doors, "rei" is deprecated and will be removed in a future version of Roughly Enough Items. Please use "rei_server", "rei_client" or "rei_common" instead.
[08:27:59] [Render thread/WARN]: The entrypoint used by Jade, "rei" is deprecated and will be removed in a future version of Roughly Enough Items. Please use "rei_server", "rei_client" or "rei_common" instead.
[08:27:59] [Render thread/WARN]: The entrypoint used by Oxidized, "rei" is deprecated and will be removed in a future version of Roughly Enough Items. Please use "rei_server", "rei_client" or "rei_common" instead.
[08:27:59] [Render thread/WARN]: The entrypoint used by Roughly Enough Resources, "rei" is deprecated and will be removed in a future version of Roughly Enough Items. Please use "rei_server", "rei_client" or "rei_common" instead.
[08:27:59] [Render thread/WARN]: The entrypoint used by Tech Reborn, "rei" is deprecated and will be removed in a future version of Roughly Enough Items. Please use "rei_server", "rei_client" or "rei_common" instead.
[08:27:59] [Render thread/WARN]: The entrypoint used by Applied Energistics 2, "rei_plugins" is deprecated and will be removed in a future version of Roughly Enough Items. Please use "rei_server", "rei_client" or "rei_common" instead.
[08:27:59] [Render thread/WARN]: The entrypoint used by AE2WTLib, "rei_plugins" is deprecated and will be removed in a future version of Roughly Enough Items. Please use "rei_server", "rei_client" or "rei_common" instead.
[08:27:59] [Render thread/WARN]: The entrypoint used by Alloy Forgery, "rei_plugins" is deprecated and will be removed in a future version of Roughly Enough Items. Please use "rei_server", "rei_client" or "rei_common" instead.
[08:27:59] [Render thread/WARN]: The entrypoint used by Better End, "rei_plugins" is deprecated and will be removed in a future version of Roughly Enough Items. Please use "rei_server", "rei_client" or "rei_common" instead.
[08:27:59] [Render thread/WARN]: The entrypoint used by Chipped, "rei_plugins" is deprecated and will be removed in a future version of Roughly Enough Items. Please use "rei_server", "rei_client" or "rei_common" instead.
[08:27:59] [Render thread/WARN]: The entrypoint used by Disenchanter, "rei_plugins" is deprecated and will be removed in a future version of Roughly Enough Items. Please use "rei_server", "rei_client" or "rei_common" instead.
[08:27:59] [Render thread/WARN]: The entrypoint used by KubeJS, "rei_plugins" is deprecated and will be removed in a future version of Roughly Enough Items. Please use "rei_server", "rei_client" or "rei_common" instead.
[08:27:59] [Render thread/WARN]: The entrypoint used by Modern Industrialization, "rei_plugins" is deprecated and will be removed in a future version of Roughly Enough Items. Please use "rei_server", "rei_client" or "rei_common" instead.
[08:27:59] [Render thread/WARN]: The entrypoint used by Modern Industrialization, "rei_plugins" is deprecated and will be removed in a future version of Roughly Enough Items. Please use "rei_server", "rei_client" or "rei_common" instead.
[08:27:59] [Render thread/WARN]: The entrypoint used by Modern Industrialization, "rei_plugins" is deprecated and will be removed in a future version of Roughly Enough Items. Please use "rei_server", "rei_client" or "rei_common" instead.
[08:27:59] [Render thread/WARN]: The entrypoint used by Modern Industrialization, "rei_plugins" is deprecated and will be removed in a future version of Roughly Enough Items. Please use "rei_server", "rei_client" or "rei_common" instead.
[08:27:59] [Render thread/WARN]: The entrypoint used by Modern Industrialization, "rei_plugins" is deprecated and will be removed in a future version of Roughly Enough Items. Please use "rei_server", "rei_client" or "rei_common" instead.
[08:27:59] [Render thread/WARN]: The entrypoint used by o?o, "rei_plugins" is deprecated and will be removed in a future version of Roughly Enough Items. Please use "rei_server", "rei_client" or "rei_common" instead.
[08:27:59] [Render thread/WARN]: The entrypoint used by SimplePipeTest, "rei_plugins" is deprecated and will be removed in a future version of Roughly Enough Items. Please use "rei_server", "rei_client" or "rei_common" instead.
[08:27:59] [Render thread/WARN]: The entrypoint used by Botania, "rei_plugins_v0" is deprecated and will be removed in a future version of Roughly Enough Items. Please use "rei_server", "rei_client" or "rei_common" instead.
[08:27:59] [Render thread/WARN]: The entrypoint used by Sandwichable, "rei_plugins_v0" is deprecated and will be removed in a future version of Roughly Enough Items. Please use "rei_server", "rei_client" or "rei_common" instead.
[08:27:59] [Render thread/INFO]: [REI] Registered plugin provider FabricFluidAPISupportPlugin for REIServerPlugin
[08:27:59] [Render thread/INFO]: [REI] Registered plugin provider FabricFluidAPISupportPlugin for REIPlugin
[08:27:59] [Render thread/INFO]: [RER] RoughlyEnoughPacketSize?  Possibly.
[08:27:59] [Render thread/INFO]: Loaded seedfix v1.0.1 by Justsnoopy30!
[08:28:00] [Render thread/INFO]: [Snow Pig] Snowing The Pig!
[08:28:00] [Render thread/INFO]: TechReborn setup done!
[08:28:00] [Render thread/INFO]: "F:\MultiMC\instances\roosterface\.minecraft\config\byg\overworld\byg-overworld-biomes.json5" was read.
[08:28:00] [Render thread/INFO]: Registered region minecraft:overworld to index 0 for type OVERWORLD
[08:28:00] [Render thread/INFO]: Registered region minecraft:nether to index 0 for type NETHER
[08:28:00] [Render thread/INFO]: Registered region byg:region_0 to index 1 for type OVERWORLD
[08:28:00] [Render thread/INFO]: Registered region byg:region_1 to index 2 for type OVERWORLD
[08:28:00] [Render thread/INFO]: Registered region byg:region_2 to index 3 for type OVERWORLD
[08:28:00] [Render thread/INFO]: Registered region byg:region_3 to index 4 for type OVERWORLD
[08:28:00] [Render thread/INFO]: [STDOUT]: Raknetify: Warning: net.minecraft.class_7439 not found for raknet multi-channel
[08:28:00] [Render thread/INFO]: [STDOUT]: Raknetify: Warning: net.minecraft.class_7519 not found for raknet multi-channel
[08:28:00] [Render thread/INFO]: [STDOUT]: Raknetify: Warning: net.minecraft.class_7438 not found for raknet multi-channel
[08:28:00] [Render thread/INFO]: [STDOUT]: Raknetify: Warning: net.minecraft.class_7494 not found for raknet multi-channel
[08:28:00] [Render thread/INFO]: [STDOUT]: Raknetify: Warning: net.minecraft.class_7618 not found for raknet multi-channel
[08:28:00] [Render thread/INFO]: [STDOUT]: Raknetify: Warning: net.minecraft.class_7597 not found for raknet multi-channel
[08:28:00] [Render thread/INFO]: [STDOUT]: Raknetify: Warning: net.minecraft.class_7617 not found for raknet multi-channel
[08:28:00] [Render thread/INFO]: [STDOUT]: Raknetify: Warning: net.minecraft.class_7640 not found for raknet multi-channel
[08:28:00] [Render thread/INFO]: [STDOUT]: Raknetify: Warning: net.minecraft.class_7495 not found for raknet multi-channel
[08:28:00] [Render thread/INFO]: [STDOUT]: Raknetify: Warning: net.minecraft.class_7472 not found for raknet multi-channel
[08:28:00] [Render thread/INFO]: [STDOUT]: Raknetify: Warning: net.minecraft.class_7496 not found for raknet multi-channel
[08:28:00] [Render thread/INFO]: [STDOUT]: Raknetify: Warning: net.minecraft.class_2755 not found for raknet multi-channel
[08:28:00] [Render thread/INFO]: [STDOUT]: Raknetify: Warning: net.minecraft.class_2762 not found for raknet multi-channel
[08:28:00] [Render thread/INFO]: [STDOUT]: Raknetify: Warning: net.minecraft.class_2698 not found for raknet multi-channel
[08:28:00] [Render thread/INFO]: [STDOUT]: Raknetify: Warning: net.minecraft.class_2809 not found for raknet multi-channel
[08:28:00] [Render thread/INFO]: [STDOUT]: Raknetify: Warning: net.minecraft.class_2644 not found for raknet multi-channel
[08:28:00] [Render thread/INFO]: [STDOUT]: Raknetify: Warning: net.minecraft.class_2730 not found for raknet multi-channel
[08:28:00] [Render thread/INFO]: [STDERR]: Raknetify: Warning: unknown packet type alexiil/mc/lib/net/impl/CompactDataPacketToServer (alexiil.mc.lib.net.impl.CompactDataPacketToServer) for raknet multi-channel
[08:28:00] [Render thread/INFO]: [STDERR]: Raknetify: Warning: unknown packet type alexiil/mc/lib/net/impl/CompactDataPacketToClient (alexiil.mc.lib.net.impl.CompactDataPacketToClient) for raknet multi-channel
[08:28:00] [Render thread/INFO]: REI Found
[08:28:02] [Render thread/INFO]: [BetterF3] Loading...
[08:28:02] [Render thread/INFO]: [BetterF3] All done!
[08:28:02] [Render thread/INFO]: BYG: "Client Setup" Event Complete!
[08:28:03] [Render thread/INFO]: [ModuleLoader] Enabled AtlasesClient
[08:28:03] [Render thread/INFO]: [ModuleLoader] Enabled AzaleaWoodClient
[08:28:03] [Render thread/INFO]: [ModuleLoader] Enabled BookcasesClient
[08:28:03] [Render thread/INFO]: [ModuleLoader] Enabled ChairsClient
[08:28:03] [Render thread/INFO]: [ModuleLoader] Enabled ClearItemFramesClient
[08:28:03] [Render thread/INFO]: [ModuleLoader] Enabled ColoredBundlesClient
[08:28:03] [Render thread/INFO]: [ModuleLoader] Enabled ColoredNetherPortalsClient
[08:28:03] [Render thread/INFO]: [ModuleLoader] Enabled CompassOverlayClient
[08:28:03] [Render thread/INFO]: [ModuleLoader] Enabled CoralSquidsClient
[08:28:03] [Render thread/INFO]: [ModuleLoader] Enabled CoreClient
[08:28:03] [Render thread/INFO]: [ModuleLoader] Enabled DiscsStopBackgroundMusicClient
[08:28:03] [Render thread/INFO]: [ModuleLoader] Enabled EndermitePowderClient
[08:28:03] [Render thread/INFO]: [ModuleLoader] Enabled ExtraBoatsClient
[08:28:03] [Render thread/INFO]: [ModuleLoader] Enabled ExtractEnchantmentsClient
[08:28:03] [Render thread/INFO]: [ModuleLoader] Enabled HoverSortingClient
[08:28:03] [Render thread/INFO]: [ModuleLoader] Enabled InventoryTidyingClient
[08:28:03] [Render thread/INFO]: [ModuleLoader] Enabled KilnsClient
[08:28:03] [Render thread/INFO]: [ModuleLoader] Enabled MapTooltipClient
[08:28:03] [Render thread/INFO]: [ModuleLoader] Enabled MoobloomsClient
[08:28:03] [Render thread/INFO]: [ModuleLoader] Enabled PlayerStateClient
[08:28:03] [Render thread/INFO]: [ModuleLoader] Enabled PortableCraftingClient
[08:28:03] [Render thread/INFO]: [ModuleLoader] Enabled RedstoneLanternsClient
[08:28:03] [Render thread/INFO]: [ModuleLoader] Enabled ShulkerBoxTooltipClient
[08:28:03] [Render thread/INFO]: [ModuleLoader] Enabled VariantBarsClient
[08:28:03] [Render thread/INFO]: [ModuleLoader] Enabled VariantChainsClient
[08:28:03] [Render thread/INFO]: [ModuleLoader] Enabled VariantChestsClient
[08:28:03] [Render thread/INFO]: [ModuleLoader] Enabled VariantLaddersClient
[08:28:03] [Render thread/INFO]: [ModuleLoader] Enabled VariantLanternsClient
[08:28:03] [Render thread/INFO]: [ModuleLoader] Enabled VariantMobTexturesClient
[08:28:03] [Render thread/INFO]: [ModuleLoader] Enabled WoodcuttersClient
[08:28:03] [Render thread/INFO]: [ModuleLoader] Running AtlasesClient
[08:28:03] [Render thread/INFO]: [ModuleLoader] Running AzaleaWoodClient
[08:28:03] [Render thread/INFO]: [ModuleLoader] Running BookcasesClient
[08:28:03] [Render thread/INFO]: [ModuleLoader] Running ChairsClient
[08:28:03] [Render thread/INFO]: [ModuleLoader] Running ClearItemFramesClient
[08:28:03] [Render thread/INFO]: [ModuleLoader] Running ColoredBundlesClient
[08:28:03] [Render thread/INFO]: [ModuleLoader] Running ColoredNetherPortalsClient
[08:28:03] [Render thread/INFO]: [ModuleLoader] Running CompassOverlayClient
[08:28:03] [Render thread/INFO]: [ModuleLoader] Running CoralSquidsClient
[08:28:03] [Render thread/INFO]: [ModuleLoader] Running CoreClient
[08:28:03] [Render thread/INFO]: [ModuleLoader] Running DiscsStopBackgroundMusicClient
[08:28:03] [Render thread/INFO]: [ModuleLoader] Running EndermitePowderClient
[08:28:03] [Render thread/INFO]: [ModuleLoader] Running ExtraBoatsClient
[08:28:03] [Render thread/INFO]: [ModuleLoader] Running ExtractEnchantmentsClient
[08:28:03] [Render thread/INFO]: [ModuleLoader] Running HoverSortingClient
[08:28:03] [Render thread/INFO]: [ModuleLoader] Running InventoryTidyingClient
[08:28:03] [Render thread/INFO]: [ModuleLoader] Running KilnsClient
[08:28:03] [Render thread/INFO]: [ModuleLoader] Running MapTooltipClient
[08:28:03] [Render thread/INFO]: [ModuleLoader] Running MoobloomsClient
[08:28:03] [Render thread/INFO]: [ModuleLoader] Running PlayerStateClient
[08:28:03] [Render thread/INFO]: [ModuleLoader] Running PortableCraftingClient
[08:28:03] [Render thread/INFO]: [ModuleLoader] Running RedstoneLanternsClient
[08:28:03] [Render thread/INFO]: [ModuleLoader] Running ShulkerBoxTooltipClient
[08:28:03] [Render thread/INFO]: [ModuleLoader] Running VariantBarsClient
[08:28:03] [Render thread/INFO]: [ModuleLoader] Running VariantChainsClient
[08:28:03] [Render thread/INFO]: [ModuleLoader] Running VariantChestsClient
[08:28:03] [Render thread/INFO]: [ModuleLoader] Running VariantLaddersClient
[08:28:03] [Render thread/INFO]: [ModuleLoader] Running VariantLanternsClient
[08:28:03] [Render thread/INFO]: [ModuleLoader] Running VariantMobTexturesClient
[08:28:03] [Render thread/INFO]: [ModuleLoader] Running WoodcuttersClient
[08:28:04] [Render thread/WARN]: @ModifyVariable(@At("INVOKE")) Shift.BY=2 on magna.mixins.json:WorldRendererMixin from mod magna::localvar$gkm000$appendBlockBreakingProgressions exceeds the maximum allowed value: 0. Increase the value of maxShiftBy to suppress this warning.
[08:28:04] [Render thread/INFO]: Re-caching descriptions because json doesn't match config.
[08:28:04] [Render thread/INFO]: Saving Description Cache...
[08:28:04] [Render thread/INFO]: Cache empty. Getting descriptions and saving in a new thread.
[08:28:04] [ForkJoinPool.commonPool-worker-3/INFO]: Caching bug descriptions
[08:28:04] [Render thread/INFO]: [Indigo] Different rendering plugin detected; not applying Indigo.
[08:28:04] [Render thread/INFO]: No shaders mod detected.
[08:28:04] [Render thread/INFO]: JamLib has been initialized on the client
[08:28:04] [Render thread/INFO]: Krypton is now accelerating your Minecraft client's networking stack ?
[08:28:04] [Render thread/INFO]: Note that Krypton is most effective on servers, not the client.
[08:28:04] [Render thread/INFO]: [LambDynLights] Initializing LambDynamicLights...
[08:28:04] [Render thread/INFO]: [LambDynLights] Configuration loaded.
[08:28:04] [Render thread/INFO]: Trying to load optifine compat!
[08:28:04] [Render thread/INFO]: Optifine not found, not loading compatibility!
[08:28:04] [Render thread/INFO]: Modern Industrialization client setup done!
[08:28:05] [Render thread/WARN]: The entrypoint used by Adorn, "rei" is deprecated and will be removed in a future version of Roughly Enough Items. Please use "rei_server", "rei_client" or "rei_common" instead.
[08:28:05] [Render thread/INFO]: [REI] Registered plugin provider AdornReiClient [adorn] for REIClientPlugin
[08:28:05] [Render thread/WARN]: The entrypoint used by Adorn, "rei" is deprecated and will be removed in a future version of Roughly Enough Items. Please use "rei_server", "rei_client" or "rei_common" instead.
[08:28:05] [Render thread/WARN]: The entrypoint used by AppleSkin, "rei" is deprecated and will be removed in a future version of Roughly Enough Items. Please use "rei_server", "rei_client" or "rei_common" instead.
[08:28:05] [Render thread/INFO]: [REI] Registered plugin provider REITooltipPlugin [appleskin] for REIClientPlugin
[08:28:05] [Render thread/WARN]: The entrypoint used by Charm, "rei" is deprecated and will be removed in a future version of Roughly Enough Items. Please use "rei_server", "rei_client" or "rei_common" instead.
[08:28:05] [Render thread/INFO]: [REI] Registered plugin provider CharmReiClientPlugin [charm] for REIClientPlugin
[08:28:05] [Render thread/WARN]: The entrypoint used by Charm, "rei" is deprecated and will be removed in a future version of Roughly Enough Items. Please use "rei_server", "rei_client" or "rei_common" instead.
[08:28:05] [Render thread/WARN]: The entrypoint used by Half Doors, "rei" is deprecated and will be removed in a future version of Roughly Enough Items. Please use "rei_server", "rei_client" or "rei_common" instead.
[08:28:05] [Render thread/INFO]: [REI] Registered plugin provider HalfDoorsREIPlugin [halfdoors] for REIClientPlugin
[08:28:05] [Render thread/WARN]: The entrypoint used by Jade, "rei" is deprecated and will be removed in a future version of Roughly Enough Items. Please use "rei_server", "rei_client" or "rei_common" instead.
[08:28:05] [Render thread/INFO]: [REI] Registered plugin provider REICompat [jade] for REIClientPlugin
[08:28:05] [Render thread/WARN]: The entrypoint used by Oxidized, "rei" is deprecated and will be removed in a future version of Roughly Enough Items. Please use "rei_server", "rei_client" or "rei_common" instead.
[08:28:05] [Render thread/INFO]: [REI] Registered plugin provider OxidizedREIPlugin [oxidized] for REIClientPlugin
[08:28:05] [Render thread/WARN]: The entrypoint used by Roughly Enough Resources, "rei" is deprecated and will be removed in a future version of Roughly Enough Items. Please use "rei_server", "rei_client" or "rei_common" instead.
[08:28:05] [Render thread/INFO]: [REI] Registered plugin provider PluginEntry [roughlyenoughresources] for REIClientPlugin
[08:28:05] [Render thread/WARN]: The entrypoint used by Tech Reborn, "rei" is deprecated and will be removed in a future version of Roughly Enough Items. Please use "rei_server", "rei_client" or "rei_common" instead.
[08:28:05] [Render thread/INFO]: [REI] Registered plugin provider ReiPlugin [techreborn] for REIClientPlugin
[08:28:05] [Render thread/INFO]: [REI] Registered plugin provider create:rei_plugin [create] for REIClientPlugin
[08:28:05] [Render thread/INFO]: [REI] Registered plugin provider DefaultClientPlugin [roughlyenoughitems] for REIClientPlugin
[08:28:05] [Render thread/INFO]: [REI] Registered plugin provider DefaultClientRuntimePlugin [roughlyenoughitems] for REIClientPlugin
[08:28:05] [Render thread/WARN]: The entrypoint used by Applied Energistics 2, "rei_plugins" is deprecated and will be removed in a future version of Roughly Enough Items. Please use "rei_server", "rei_client" or "rei_common" instead.
[08:28:05] [Render thread/INFO]: [REI] Registered plugin provider AE2 [ae2] for REIClientPlugin
[08:28:05] [Render thread/WARN]: The entrypoint used by AE2WTLib, "rei_plugins" is deprecated and will be removed in a future version of Roughly Enough Items. Please use "rei_server", "rei_client" or "rei_common" instead.
[08:28:05] [Render thread/INFO]: [REI] Registered plugin provider ae2wtlib [ae2wtlib] for REIClientPlugin
[08:28:05] [Render thread/WARN]: The entrypoint used by Alloy Forgery, "rei_plugins" is deprecated and will be removed in a future version of Roughly Enough Items. Please use "rei_server", "rei_client" or "rei_common" instead.
[08:28:05] [Render thread/INFO]: [REI] Registered plugin provider AlloyForgeryPlugin [alloy_forgery] for REIClientPlugin
[08:28:05] [Render thread/WARN]: The entrypoint used by Better End, "rei_plugins" is deprecated and will be removed in a future version of Roughly Enough Items. Please use "rei_server", "rei_client" or "rei_common" instead.
[08:28:05] [Render thread/INFO]: [REI] Registered plugin provider REIPlugin [betterend] for REIClientPlugin
[08:28:05] [Render thread/WARN]: The entrypoint used by Chipped, "rei_plugins" is deprecated and will be removed in a future version of Roughly Enough Items. Please use "rei_server", "rei_client" or "rei_common" instead.
[08:28:05] [Render thread/INFO]: [REI] Registered plugin provider REIChippedPlugin [chipped] for REIClientPlugin
[08:28:05] [Render thread/WARN]: The entrypoint used by Disenchanter, "rei_plugins" is deprecated and will be removed in a future version of Roughly Enough Items. Please use "rei_server", "rei_client" or "rei_common" instead.
[08:28:05] [Render thread/INFO]: [REI] Registered plugin provider DisenchanterReiPlugin [disenchanter] for REIClientPlugin
[08:28:05] [Render thread/WARN]: The entrypoint used by KubeJS, "rei_plugins" is deprecated and will be removed in a future version of Roughly Enough Items. Please use "rei_server", "rei_client" or "rei_common" instead.
[08:28:05] [Render thread/INFO]: [REI] Registered plugin provider KubeJSREIPlugin [kubejs] for REIClientPlugin
[08:28:05] [Render thread/WARN]: The entrypoint used by Modern Industrialization, "rei_plugins" is deprecated and will be removed in a future version of Roughly Enough Items. Please use "rei_server", "rei_client" or "rei_common" instead.
[08:28:05] [Render thread/INFO]: [REI] Registered plugin provider MIREIPlugin [modern_industrialization] for REIClientPlugin
[08:28:05] [Render thread/WARN]: The entrypoint used by Modern Industrialization, "rei_plugins" is deprecated and will be removed in a future version of Roughly Enough Items. Please use "rei_server", "rei_client" or "rei_common" instead.
[08:28:05] [Render thread/INFO]: [REI] Registered plugin provider FluidFuelsPlugin [modern_industrialization] for REIClientPlugin
[08:28:05] [Render thread/WARN]: The entrypoint used by Modern Industrialization, "rei_plugins" is deprecated and will be removed in a future version of Roughly Enough Items. Please use "rei_server", "rei_client" or "rei_common" instead.
[08:28:05] [Render thread/INFO]: [REI] Registered plugin provider ForgeHammerRecipePlugin [modern_industrialization] for REIClientPlugin
[08:28:05] [Render thread/WARN]: The entrypoint used by Modern Industrialization, "rei_plugins" is deprecated and will be removed in a future version of Roughly Enough Items. Please use "rei_server", "rei_client" or "rei_common" instead.
[08:28:05] [Render thread/INFO]: [REI] Registered plugin provider MachinesPlugin [modern_industrialization] for REIClientPlugin
[08:28:05] [Render thread/WARN]: The entrypoint used by Modern Industrialization, "rei_plugins" is deprecated and will be removed in a future version of Roughly Enough Items. Please use "rei_server", "rei_client" or "rei_common" instead.
[08:28:05] [Render thread/INFO]: [REI] Registered plugin provider NeutronInteractionPlugin [modern_industrialization] for REIClientPlugin
[08:28:05] [Render thread/WARN]: The entrypoint used by o?o, "rei_plugins" is deprecated and will be removed in a future version of Roughly Enough Items. Please use "rei_server", "rei_client" or "rei_common" instead.
[08:28:05] [Render thread/INFO]: [REI] Registered plugin provider OwoReiPlugin [owo] for REIClientPlugin
[08:28:05] [Render thread/WARN]: The entrypoint used by SimplePipeTest, "rei_plugins" is deprecated and will be removed in a future version of Roughly Enough Items. Please use "rei_server", "rei_client" or "rei_common" instead.
[08:28:05] [Render thread/INFO]: [REI] Registered plugin provider REIPlugin [simple_pipes] for REIClientPlugin
[08:28:05] [Render thread/WARN]: The entrypoint used by Botania, "rei_plugins_v0" is deprecated and will be removed in a future version of Roughly Enough Items. Please use "rei_server", "rei_client" or "rei_common" instead.
[08:28:05] [Render thread/INFO]: [REI] Registered plugin provider BotaniaREIPlugin [botania] for REIClientPlugin
[08:28:05] [Render thread/WARN]: The entrypoint used by Sandwichable, "rei_plugins_v0" is deprecated and will be removed in a future version of Roughly Enough Items. Please use "rei_server", "rei_client" or "rei_common" instead.
[08:28:05] [Render thread/INFO]: [REI] Registered plugin provider SandwichableREI [sandwichable] for REIClientPlugin
[08:28:05] [Render thread/INFO]: Loading Xaero's Minimap - Stage 1/2
[08:28:07] [Render thread/INFO]: Loading Xaero's World Map - Stage 1/2
[08:28:08] [Render thread/INFO]: Backend library: LWJGL version 3.2.2 build 10
[08:28:08] [Render thread/INFO]: Loaded client.properties
[08:28:09] [Render thread/INFO]: ARRP register - before vanilla
[08:28:09] [Render thread/INFO]: ARRP register - after vanilla
[08:28:10] [Render thread/INFO]: "F:\MultiMC\instances\roosterface\.minecraft\config\byg\growing-patterns.json5" was read.
[08:28:18] [Render thread/INFO]: Narrator library for x64 successfully loaded
[08:28:18] [Render thread/INFO]: Reloading ResourceManager: Default, Fabric Mods (Additional Additions, Adorn, Runtime Resource Pack, Advancements Debug, Applied Energistics 2, AE2WTLib, Alloy Forgery, Alternate Current, Animatica, AppleSkin, Arcanus, AutoTag, Axes Are Weapons, BCLib, Better End, BetterF3, Better Nether, Better Third Person, Blockus, Borderless Mining, Botania, Oh The Biomes You'll Go, Concurrent Chunk Management Engine, CaffeineConfig, Capes, Cardinal Components API (base), Cardinal Components API (chunks), Cardinal Components API (entities), Cardinal Components API (items), Cardinal Components API (world saves), Cardinal Components API (worlds), Cardinal Ice Boats, Carpet Mod, Carpet Extra, Charm, Chest Tracker, Chipped, Chromatic Currents, Clickable Advancements Mod, Cloth Config v6, CC: Restitched, conditional mixin, Continuity, Cooldown Coordinator, Crawl, Create, DarkPaintings, Diggus Maximus, DimensionalDoors, Disable Custom Worlds Advice, Disenchanter, Dripstone Fluid Lib, Ductwork, Eating Animation, EdenRing, Enhanced Block Entities, EntityCulling-Fabric, Exline's Doors, Experience Bottler, Explorer's Compass, Fabric API, Fabric API Base, Fabric API Lookup API (v1), Fabric Biome API (v1), Fabric BlockRenderLayer Registration (v1), Fabric Command API (v1), Fabric Commands (v0), Fabric Containers (v0), Fabric Content Registries (v0), Fabric Convention Tags, Fabric Crash Report Info (v1), Fabric Data Generation API (v1), Fabric Dimensions API (v1), Fabric Entity Events (v1), Fabric Events Interaction (v0), Fabric Events Lifecycle (v0), Fabric Game Rule API (v1), Fabric Item API (v1), Fabric Item Groups (v0), Fabric Key Binding API (v1), Fabric Key Bindings (v0), Fabric Language Kotlin, Fabric Lifecycle Events (v1), Fabric Loot API (v2), Fabric Loot Tables (v1), Fabric Mining Level API (v1), Fabric Models (v0), Fabric Networking API (v1), Fabric Networking (v0), Fabric Object Builder API (v1), Fabric Particles (v1), Fabric Registry Sync (v0), Fabric Renderer API (v1), Fabric Renderer - Indigo, Fabric Renderer Registries (v1), Fabric Rendering Data Attachment (v1), Fabric Rendering Fluids (v1), Fabric Rendering (v0), Fabric Rendering (v1), Fabric Resource Conditions API (v1), Fabric Resource Loader (v0), Fabric Screen API (v1), Fabric Screen Handler API (v1), Fabric Textures (v0), Fabric Transfer API (v1), Fabric Transitive Access Wideners (v1), Fabrication, Fabric Loader, Fake Player API, Falling Leaves, Fast Load, Feature NBT Deadlock Be Gone - Fabric, Flywheel, Forge Config API Port, Gargantuan, Half Doors, Hookshot, Icarus, Indium, Interference API, Inventory Management, Jade, JamLib, Jankson, JsonEM, Kanos Config, Krypton, KubeJS, Kyrpt Config, LambDynamicLights, LazyDFU, LibBlockAttributes, LibBlockAttributes (Core), LibBlockAttributes (Fluids), LibBlockAttributes (Items), LibGui, LibMultiPart, Lib Network Stack, Lifts, Linkart, Lithium, Logical Zoom, Magna, Macaw's Bridges, Macaw's Doors, Macaw's Fences and Walls, Macaw's Lights and Lamps, Macaw's Paintings, Macaw's Paths and Pavings, Macaw's Roofs, Macaw's Trapdoors, Macaw's Windows, Memory Leak Fix, Milk Lib, Milk+, Manningham Mills, Mod-erate Loading Screen, Modern Industrialization, Mod Menu, More Culling, Nature's Compass, No More Useless Keys, No Indium?, NotEnoughAnimations, Not Enough Crashes, OmegaConfig, o?o, Oxidized, Patchouli, Pehkui, Phonos, Plant In A Jar, Pal, Porting Lib, Powah!, Presence Footsteps, Pride Lib, Reach Entity Attributes, Reborn Core, Red Bits, Redstone Bits, Reese's Sodium Options, Registrate for Fabric, Repurposed Structures, Right Click Harvest, Roughly Enough Items, Roughly Enough Resources, Sandwichable, Satin, Serialization Hooks, SimplePipeTest, SimplePipeTest (Dependency Container), 3d Skin Layers, Smart Recipes, Smooth Boot, Show Me What You Got, Snow Pig, Sodium, Sodium Extra, spark, SpruceUI, Starlight, Step Height Entity Attribute, Sync (Fabric), Tax Free Levels, Energy, Tech Reborn, TerraBlender, Terraform Wood API (v1), Trinkets, Twigs, Very Many Players, Drip Sounds, Where Is It, World Cutters, Xaero's Minimap, Xaero's World Map), KubeJS Resource Pack [assets]
[08:28:18] [Render thread/INFO]: closing rrp minecraft:phonos_data
[08:28:18] [Render thread/INFO]: closing rrp minecraft:phonos_assets
[08:28:18] [Render thread/INFO]: ARRP register - before vanilla
[08:28:18] [Render thread/INFO]: ARRP register - after vanilla
[08:28:19] [Render thread/INFO]: This line is printed by the mod mixin!
[08:28:19] [Render thread/INFO]: This line is printed by the mod mixin!
[08:28:19] [Render thread/INFO]: This line is printed by the mod mixin!
[08:28:19] [Render thread/INFO]: This line is printed by the mod mixin!
[08:28:19] [Render thread/INFO]: This line is printed by the mod mixin!
[08:28:19] [Render thread/INFO]: This line is printed by the mod mixin!
[08:28:19] [Render thread/INFO]: This line is printed by the mod mixin!
[08:28:19] [Render thread/INFO]: This line is printed by the mod mixin!
[08:28:19] [Render thread/INFO]: This line is printed by the mod mixin!
[08:28:19] [Render thread/INFO]: "F:\MultiMC\instances\roosterface\.minecraft\config\byg\settings.json5" was read.
[08:28:19] [Render thread/INFO]: "F:\MultiMC\instances\roosterface\.minecraft\config\byg\surface_rules\nether_surface_rules.json5" was read.
[08:28:19] [Render thread/INFO]: "F:\MultiMC\instances\roosterface\.minecraft\config\byg\surface_rules\end_surface_rules.json5" was read.
[08:28:19] [Render thread/INFO]: "F:\MultiMC\instances\roosterface\.minecraft\config\byg\surface_rules\overworld_surface_rules.json5" was read.
[08:28:20] [Render thread/WARN]: Injection warning: LVT in net/minecraft/class_498::method_25394(Lnet/minecraft/class_4587;IIF)V has incompatible changes at opcode 24 in callback bclib.mixins.client.json:SignEditScreenMixin from mod bclib->@Inject::bclib_checkOffset(Lnet/minecraft/class_4587;IIFLorg/spongepowered/asm/mixin/injection/callback/CallbackInfo;FLnet/minecraft/class_2680;ZZF)V.
 Expected: [F, Lnet/minecraft/class_2680;, Z, Z, F]
    Found: []
Available: []
[08:28:21] [Render thread/WARN]: @Final field field_25883:Lnet/minecraft/class_4970$class_4973; in charm.mixins.json:more_portal_frames.AddValidPortalFrameBlocksMixin from mod charm should be final
[08:28:21] [Render thread/WARN]: Error loading class: org/spongepowered/asm/synthetic/args/Args$14 (java.lang.ClassNotFoundException: org/spongepowered/asm/synthetic/args/Args$14)
[08:28:21] [Render thread/INFO]: [STDERR]: org.objectweb.asm.tree.analysis.AnalyzerException: Error at instruction 919: Cannot invoke "org.spongepowered.asm.mixin.transformer.ClassInfo.hasSuperClass(org.spongepowered.asm.mixin.transformer.ClassInfo)" because the return value of "org.spongepowered.asm.mixin.transformer.ClassInfo.forType(org.objectweb.asm.Type, org.spongepowered.asm.mixin.transformer.ClassInfo$TypeLookup)" is null
[08:28:21] [Render thread/INFO]: [STDERR]: 	at org.objectweb.asm.tree.analysis.Analyzer.analyze(Analyzer.java:296)
[08:28:21] [Render thread/INFO]: [STDERR]: 	at org.spongepowered.asm.util.Locals.generateLocalVariableTable(Locals.java:859)
[08:28:21] [Render thread/INFO]: [STDERR]: 	at org.spongepowered.asm.util.Locals.getGeneratedLocalVariableTable(Locals.java:828)
[08:28:21] [Render thread/INFO]: [STDERR]: 	at org.spongepowered.asm.util.Locals.getLocalVariableAt(Locals.java:782)
[08:28:21] [Render thread/INFO]: [STDERR]: 	at org.spongepowered.asm.util.Locals.getLocalVariableAt(Locals.java:752)
[08:28:21] [Render thread/INFO]: [STDERR]: 	at org.spongepowered.asm.util.Locals.getLocalsAt(Locals.java:529)
[08:28:21] [Render thread/INFO]: [STDERR]: 	at org.spongepowered.asm.util.Locals.getLocalsAt(Locals.java:336)
[08:28:21] [Render thread/INFO]: [STDERR]: 	at org.spongepowered.asm.mixin.injection.modify.LocalVariableDiscriminator$Context.initLocals(LocalVariableDiscriminator.java:154)
[08:28:21] [Render thread/INFO]: [STDERR]: 	at org.spongepowered.asm.mixin.injection.modify.LocalVariableDiscriminator$Context.<init>(LocalVariableDiscriminator.java:148)
[08:28:21] [Render thread/INFO]: [STDERR]: 	at org.spongepowered.asm.mixin.injection.modify.ModifyVariableInjector$Context.<init>(ModifyVariableInjector.java:71)
[08:28:21] [Render thread/INFO]: [STDERR]: 	at org.spongepowered.asm.mixin.injection.modify.ModifyVariableInjector.preInject(ModifyVariableInjector.java:159)
[08:28:21] [Render thread/INFO]: [STDERR]: 	at org.spongepowered.asm.mixin.injection.code.Injector.preInject(Injector.java:258)
[08:28:21] [Render thread/INFO]: [STDERR]: 	at org.spongepowered.asm.mixin.injection.struct.InjectionInfo.preInject(InjectionInfo.java:436)
[08:28:21] [Render thread/INFO]: [STDERR]: 	at org.spongepowered.asm.mixin.transformer.MixinTargetContext.applyInjections(MixinTargetContext.java:1371)
[08:28:21] [Render thread/INFO]: [STDERR]: 	at org.spongepowered.asm.mixin.transformer.MixinApplicatorStandard.applyInjections(MixinApplicatorStandard.java:1052)
[08:28:21] [Render thread/INFO]: [STDERR]: 	at org.spongepowered.asm.mixin.transformer.MixinApplicatorStandard.applyMixin(MixinApplicatorStandard.java:400)
[08:28:21] [Render thread/INFO]: [STDERR]: 	at org.spongepowered.asm.mixin.transformer.MixinApplicatorStandard.apply(MixinApplicatorStandard.java:325)
[08:28:21] [Render thread/INFO]: [STDERR]: 	at org.spongepowered.asm.mixin.transformer.TargetClassContext.apply(TargetClassContext.java:421)
[08:28:21] [Render thread/INFO]: [STDERR]: 	at org.spongepowered.asm.mixin.transformer.TargetClassContext.applyMixins(TargetClassContext.java:403)
[08:28:21] [Render thread/INFO]: [STDERR]: 	at org.spongepowered.asm.mixin.transformer.MixinProcessor.applyMixins(MixinProcessor.java:363)
[08:28:21] [Render thread/INFO]: [STDERR]: 	at org.spongepowered.asm.mixin.transformer.MixinTransformer.transformClass(MixinTransformer.java:234)
[08:28:21] [Render thread/INFO]: [STDERR]: 	at org.spongepowered.asm.mixin.transformer.MixinTransformer.transformClassBytes(MixinTransformer.java:202)
[08:28:21] [Render thread/INFO]: [STDERR]: 	at net.fabricmc.loader.impl.launch.knot.KnotClassDelegate.getPostMixinClassByteArray(KnotClassDelegate.java:414)
[08:28:21] [Render thread/INFO]: [STDERR]: 	at net.fabricmc.loader.impl.launch.knot.KnotClassDelegate.tryLoadClass(KnotClassDelegate.java:323)
[08:28:21] [Render thread/INFO]: [STDERR]: 	at net.fabricmc.loader.impl.launch.knot.KnotClassDelegate.loadClass(KnotClassDelegate.java:218)
[08:28:21] [Render thread/INFO]: [STDERR]: 	at net.fabricmc.loader.impl.launch.knot.KnotClassLoader.loadClass(KnotClassLoader.java:145)
[08:28:21] [Render thread/INFO]: [STDERR]: 	at java.base/java.lang.ClassLoader.loadClass(ClassLoader.java:520)
[08:28:21] [Render thread/INFO]: [STDERR]: 	at java.base/java.lang.Class.forName0(Native Method)
[08:28:21] [Render thread/INFO]: [STDERR]: 	at java.base/java.lang.Class.forName(Class.java:467)
[08:28:21] [Render thread/INFO]: [STDERR]: 	at net.fabricmc.loader.impl.launch.knot.MixinServiceKnot.findClass(MixinServiceKnot.java:96)
[08:28:21] [Render thread/INFO]: [STDERR]: 	at org.spongepowered.asm.mixin.transformer.MixinProcessor.audit(MixinProcessor.java:254)
[08:28:21] [Render thread/INFO]: [STDERR]: 	at org.spongepowered.asm.mixin.transformer.MixinTransformer.audit(MixinTransformer.java:171)
[08:28:21] [Render thread/INFO]: [STDERR]: 	at org.spongepowered.asm.mixin.MixinEnvironment.audit(MixinEnvironment.java:1425)
[08:28:21] [Render thread/INFO]: [STDERR]: 	at ca.fxco.memoryleakfix.MemoryLeakFix.forceLoadAllMixinsAndClearSpongePoweredCache(MemoryLeakFix.java:25)
[08:28:21] [Render thread/INFO]: [STDERR]: 	at net.minecraft.client.main.Main.redirect$glm000$loadAllMixinsThenShouldRenderAsync(Main.java:525)
[08:28:21] [Render thread/INFO]: [STDERR]: 	at net.minecraft.client.main.Main.main(Main.java:212)
[08:28:21] [Render thread/INFO]: [STDERR]: 	at net.fabricmc.loader.impl.game.minecraft.MinecraftGameProvider.launch(MinecraftGameProvider.java:461)
[08:28:21] [Render thread/INFO]: [STDERR]: 	at net.fabricmc.loader.impl.launch.knot.Knot.launch(Knot.java:74)
[08:28:21] [Render thread/INFO]: [STDERR]: 	at net.fabricmc.loader.impl.launch.knot.KnotClient.main(KnotClient.java:23)
[08:28:21] [Render thread/INFO]: [STDERR]: 	at java.base/jdk.internal.reflect.NativeMethodAccessorImpl.invoke0(Native Method)
[08:28:21] [Render thread/INFO]: [STDERR]: 	at java.base/jdk.internal.reflect.NativeMethodAccessorImpl.invoke(NativeMethodAccessorImpl.java:77)
[08:28:21] [Render thread/INFO]: [STDERR]: 	at java.base/jdk.internal.reflect.DelegatingMethodAccessorImpl.invoke(DelegatingMethodAccessorImpl.java:43)
[08:28:21] [Render thread/INFO]: [STDERR]: 	at java.base/java.lang.reflect.Method.invoke(Method.java:568)
[08:28:21] [Render thread/INFO]: [STDERR]: 	at org.multimc.onesix.OneSixLauncher.launchWithMainClass(OneSixLauncher.java:214)
[08:28:21] [Render thread/INFO]: [STDERR]: 	at org.multimc.onesix.OneSixLauncher.launch(OneSixLauncher.java:249)
[08:28:21] [Render thread/INFO]: [STDERR]: 	at org.multimc.EntryPoint.listen(EntryPoint.java:143)
[08:28:21] [Render thread/INFO]: [STDERR]: 	at org.multimc.EntryPoint.main(EntryPoint.java:34)
[08:28:21] [Render thread/INFO]: [STDERR]: Caused by: java.lang.NullPointerException: Cannot invoke "org.spongepowered.asm.mixin.transformer.ClassInfo.hasSuperClass(org.spongepowered.asm.mixin.transformer.ClassInfo)" because the return value of "org.spongepowered.asm.mixin.transformer.ClassInfo.forType(org.objectweb.asm.Type, org.spongepowered.asm.mixin.transformer.ClassInfo$TypeLookup)" is null
[08:28:21] [Render thread/INFO]: [STDERR]: 	at org.spongepowered.asm.util.asm.MixinVerifier.isAssignableFrom(MixinVerifier.java:104)
[08:28:21] [Render thread/INFO]: [STDERR]: 	at org.objectweb.asm.tree.analysis.SimpleVerifier.isSubTypeOf(SimpleVerifier.java:212)
[08:28:21] [Render thread/INFO]: [STDERR]: 	at org.objectweb.asm.tree.analysis.BasicVerifier.naryOperation(BasicVerifier.java:400)
[08:28:21] [Render thread/INFO]: [STDERR]: 	at org.objectweb.asm.tree.analysis.BasicVerifier.naryOperation(BasicVerifier.java:44)
[08:28:21] [Render thread/INFO]: [STDERR]: 	at org.objectweb.asm.tree.analysis.Frame.executeInvokeInsn(Frame.java:682)
[08:28:21] [Render thread/INFO]: [STDERR]: 	at org.objectweb.asm.tree.analysis.Frame.execute(Frame.java:609)
[08:28:21] [Render thread/INFO]: [STDERR]: 	at org.objectweb.asm.tree.analysis.Analyzer.analyze(Analyzer.java:188)
[08:28:21] [Render thread/INFO]: [STDERR]: 	... 46 more
[08:28:22] [Render thread/INFO]: Successfully read save file.
[08:28:22] [Render thread/INFO]: "Oh The Biomes You'll Go" after registries freeze event firing...
[08:28:22] [Render thread/INFO]: BYG: "Common Setup" Event Complete!
[08:28:22] [Render thread/INFO]: "F:\MultiMC\instances\roosterface\.minecraft\config\byg\end-biomes.json5" was read.
[08:28:22] [Render thread/INFO]: "F:\MultiMC\instances\roosterface\.minecraft\config\byg\nether-biomes.json5" was read.
[08:28:22] [Render thread/INFO]: "F:\MultiMC\instances\roosterface\.minecraft\config\byg\trades.json5" was read.
[08:28:22] [Render thread/INFO]: "F:\MultiMC\instances\roosterface\.minecraft\config\byg\biomepedia.json5" was read.
[08:28:22] [Render thread/INFO]: Created compressed zip back up for "F:\MultiMC\instances\roosterface\.minecraft\config\byg" in "F:\MultiMC\instances\roosterface\.minecraft\config\byg\backups\last_working_configs_backup.zip"
[08:28:22] [Render thread/INFO]: BYG: Compostible Blocks Added!
[08:28:22] [Render thread/INFO]: BYG: Added tillables!
[08:28:22] [Render thread/INFO]: BYG: Added Flammables!
[08:28:22] [Render thread/INFO]: BYG: Added strippable Blocks...
[08:28:22] [Render thread/INFO]: BYG: "Load Complete" Event Complete!
[08:28:22] [Render thread/INFO]: "Oh The Biomes You'll Go" after registries freeze event complete!
[08:28:22] [Render thread/INFO]: Loading Xaero's Minimap - Stage 2/2
[08:28:24] [Render thread/INFO]: Xaero's Minimap: World Map found!
[08:28:24] [Render thread/INFO]: No Optifine!
[08:28:24] [Render thread/INFO]: Loading Xaero's World Map - Stage 2/2
[08:28:24] [Render thread/INFO]: New world map region cache hash code: 687554333
[08:28:24] [Render thread/INFO]: Xaero's WorldMap Mod: Xaero's minimap found!
[08:28:24] [Render thread/INFO]: No Optifine!
[08:28:24] [Render thread/INFO]: No Vivecraft!
[08:28:27] [Worker-Main-9/WARN]: Exception loading blockstate definition: byg:blockstates/potted_hydrangea_bush.json: java.io.FileNotFoundException: byg:blockstates/potted_hydrangea_bush.json
[08:28:27] [Worker-Main-9/WARN]: Exception loading blockstate definition: 'byg:blockstates/potted_hydrangea_bush.json' missing model for variant: 'byg:potted_hydrangea_bush#'
[08:28:27] [Worker-Main-9/WARN]: Unable to load model: 'chipped:block/vines/vine_9/vine_9_1' referenced from: chipped:vine_17#east=true,north=true,south=true,up=true,west=true: java.io.FileNotFoundException: chipped:models/block/vines/vine_9/vine_9_1.json
[08:28:27] [Worker-Main-9/WARN]: Unable to load model: 'chipped:block/vines/vine_9/vine_9_2' referenced from: chipped:vine_17#east=true,north=true,south=true,up=true,west=true: java.io.FileNotFoundException: chipped:models/block/vines/vine_9/vine_9_2.json
[08:28:27] [Worker-Main-9/WARN]: Unable to load model: 'chipped:block/vines/vine_9/vine_9_3' referenced from: chipped:vine_17#east=true,north=true,south=true,up=true,west=true: java.io.FileNotFoundException: chipped:models/block/vines/vine_9/vine_9_3.json
[08:28:27] [Worker-Main-9/WARN]: Unable to load model: 'chipped:block/vines/vine_9/vine_9_4' referenced from: chipped:vine_17#east=true,north=true,south=true,up=true,west=true: java.io.FileNotFoundException: chipped:models/block/vines/vine_9/vine_9_4.json
[08:28:27] [Worker-Main-9/WARN]: Unable to load model: 'chipped:block/vines/vine_9/vine_9_1u' referenced from: chipped:vine_17#east=true,north=true,south=true,up=true,west=true: java.io.FileNotFoundException: chipped:models/block/vines/vine_9/vine_9_1u.json
[08:28:27] [Worker-Main-9/WARN]: Unable to load model: 'chipped:block/vines/vine_9/vine_9_4u' referenced from: chipped:vine_17#east=true,north=true,south=true,up=true,west=true: java.io.FileNotFoundException: chipped:models/block/vines/vine_9/vine_9_4u.json
[08:28:27] [Worker-Main-9/WARN]: Unable to load model: 'chipped:block/vines/vine_9/vine_9_2u' referenced from: chipped:vine_17#east=true,north=true,south=true,up=true,west=true: java.io.FileNotFoundException: chipped:models/block/vines/vine_9/vine_9_2u.json
[08:28:27] [Worker-Main-9/WARN]: Unable to load model: 'chipped:block/vines/vine_9/vine_9_2u_opposite' referenced from: chipped:vine_17#east=true,north=true,south=true,up=true,west=true: java.io.FileNotFoundException: chipped:models/block/vines/vine_9/vine_9_2u_opposite.json
[08:28:27] [Worker-Main-9/WARN]: Unable to load model: 'chipped:block/vines/vine_9/vine_9_u' referenced from: chipped:vine_17#east=true,north=true,south=true,up=true,west=true: java.io.FileNotFoundException: chipped:models/block/vines/vine_9/vine_9_u.json
[08:28:27] [Worker-Main-9/WARN]: Unable to load model: 'chipped:block/vines/vine_9/vine_9_3u' referenced from: chipped:vine_17#east=true,north=true,south=true,up=true,west=true: java.io.FileNotFoundException: chipped:models/block/vines/vine_9/vine_9_3u.json
[08:28:27] [Worker-Main-9/WARN]: Unable to load model: 'chipped:block/vines/vine_9/vine_9_2_opposite' referenced from: chipped:vine_17#east=true,north=true,south=true,up=true,west=true: java.io.FileNotFoundException: chipped:models/block/vines/vine_9/vine_9_2_opposite.json
[08:28:29] [Worker-Main-9/WARN]: Unable to load model: 'dimdoors:block/no_texture' referenced from: dimdoors:dimensional_portal#facing=north: java.io.FileNotFoundException: dimdoors:models/block/no_texture.json
[08:28:29] [Worker-Main-9/WARN]: Unable to load model: 'dimdoors:block/detached_rift' referenced from: dimdoors:detached_rift#waterlogged=true: java.io.FileNotFoundException: dimdoors:models/block/detached_rift.json
[08:28:29] [Render thread/INFO]: Stopping!
[08:28:29] [Render thread/INFO]: Successfully wrote save file.
[08:28:29] [Render thread/ERROR]: Shutdown failure!
java.util.ConcurrentModificationException: null
	at Not Enough Crashes deobfuscated stack trace.(1.18.2+build.4) ~[?:?]
	at java.util.HashMap.forEach(HashMap.java:1424) ~[?:?]
	at net.minecraft.client.texture.TextureManager.close(TextureManager:173) ~[?:?]
	at net.minecraft.client.MinecraftClient.close(MinecraftClient:1048) ~[?:?]
	at net.minecraft.client.MinecraftClient.stop(MinecraftClient:1026) ~[?:?]
	at net.minecraft.client.main.Main.main(Main:252) [client-intermediary.jar:?]
	at net.fabricmc.loader.impl.game.minecraft.MinecraftGameProvider.launch(MinecraftGameProvider.java:461) [fabric-loader-0.14.8.jar:?]
	at net.fabricmc.loader.impl.launch.knot.Knot.launch(Knot.java:74) [fabric-loader-0.14.8.jar:?]
	at net.fabricmc.loader.impl.launch.knot.KnotClient.main(KnotClient.java:23) [fabric-loader-0.14.8.jar:?]
	at jdk.internal.reflect.NativeMethodAccessorImpl.invoke0(Native Method) ~[?:?]
	at jdk.internal.reflect.NativeMethodAccessorImpl.invoke(NativeMethodAccessorImpl.java:77) ~[?:?]
	at jdk.internal.reflect.DelegatingMethodAccessorImpl.invoke(DelegatingMethodAccessorImpl.java:43) ~[?:?]
	at java.lang.reflect.Method.invoke(Method.java:568) ~[?:?]
	at org.multimc.onesix.OneSixLauncher.launchWithMainClass(OneSixLauncher.java:214) [NewLaunch.jar:?]
	at org.multimc.onesix.OneSixLauncher.launch(OneSixLauncher.java:249) [NewLaunch.jar:?]
	at org.multimc.EntryPoint.listen(EntryPoint.java:143) [NewLaunch.jar:?]
	at org.multimc.EntryPoint.main(EntryPoint.java:34) [NewLaunch.jar:?]
