[21:05:05] [Render thread/INFO] [REI] Config loaded.
[21:05:05] [Render thread/INFO] [REI] Registered plugin provider DefaultPlugin [roughlyenoughitems] for REIPlugin
[21:05:05] [Render thread/INFO] [REI] Registered plugin provider DefaultRuntimePlugin [roughlyenoughitems] for REIPlugin
[21:05:05] [Render thread/INFO] [REI] Registered plugin provider AdornReiClient [adorn] for REIPlugin
[21:05:05] [Render thread/INFO] [REI] Registered plugin provider AdornReiServer [adorn] for REIPlugin
[21:05:05] [Render thread/INFO] [REI] Registered plugin provider REITooltipPlugin [appleskin] for REIPlugin
[21:05:05] [Render thread/INFO] [REI] Registered plugin provider CharmReiClientPlugin [charm] for REIPlugin
[21:05:05] [Render thread/INFO] [REI] Registered plugin provider CharmReiServerPlugin [charm] for REIPlugin
[21:05:05] [Render thread/INFO] [REI] Registered plugin provider HalfDoorsREIPlugin [halfdoors] for REIPlugin
[21:05:05] [Render thread/INFO] [REI] Registered plugin provider REICompat [jade] for REIPlugin
[21:05:05] [Render thread/INFO] [REI] Registered plugin provider OxidizedREIPlugin [oxidized] for REIPlugin
[21:05:05] [Render thread/INFO] [REI] Registered plugin provider PluginEntry [roughlyenoughresources] for REIPlugin
[21:05:05] [Render thread/INFO] [REI] Registered plugin provider ReiPlugin [techreborn] for REIPlugin
[21:05:05] [Render thread/INFO] [REI] Registered plugin provider create:rei_plugin [create] for REIPlugin
[21:05:05] [Render thread/INFO] [REI] Registered plugin provider DefaultClientPlugin [roughlyenoughitems] for REIPlugin
[21:05:05] [Render thread/INFO] [REI] Registered plugin provider DefaultClientRuntimePlugin [roughlyenoughitems] for REIPlugin
[21:05:05] [Render thread/INFO] [REI] Registered plugin provider AE2 [ae2] for REIPlugin
[21:05:05] [Render thread/INFO] [REI] Registered plugin provider ae2wtlib [ae2wtlib] for REIPlugin
[21:05:05] [Render thread/INFO] [REI] Registered plugin provider AlloyForgeryPlugin [alloy_forgery] for REIPlugin
[21:05:05] [Render thread/INFO] [REI] Registered plugin provider REIPlugin [betterend] for REIPlugin
[21:05:05] [Render thread/INFO] [REI] Registered plugin provider REIChippedPlugin [chipped] for REIPlugin
[21:05:05] [Render thread/INFO] [REI] Registered plugin provider DisenchanterReiPlugin [disenchanter] for REIPlugin
[21:05:05] [Render thread/INFO] [REI] Registered plugin provider KubeJSREIPlugin [kubejs] for REIPlugin
[21:05:05] [Render thread/INFO] [REI] Registered plugin provider MIREIPlugin [modern_industrialization] for REIPlugin
[21:05:05] [Render thread/INFO] [REI] Registered plugin provider FluidFuelsPlugin [modern_industrialization] for REIPlugin
[21:05:05] [Render thread/INFO] [REI] Registered plugin provider ForgeHammerRecipePlugin [modern_industrialization] for REIPlugin
[21:05:05] [Render thread/INFO] [REI] Registered plugin provider MachinesPlugin [modern_industrialization] for REIPlugin
[21:05:05] [Render thread/INFO] [REI] Registered plugin provider NeutronInteractionPlugin [modern_industrialization] for REIPlugin
[21:05:05] [Render thread/INFO] [REI] Registered plugin provider OwoReiPlugin [owo] for REIPlugin
[21:05:05] [Render thread/INFO] [REI] Registered plugin provider BotaniaREIPlugin [botania] for REIPlugin
[21:05:05] [Render thread/INFO] [REI] Registered plugin provider SandwichableREI [sandwichable] for REIPlugin
[21:05:05] [Render thread/INFO] [REI] Registered plugin provider DefaultPlugin [roughlyenoughitems] for REIServerPlugin
[21:05:05] [Render thread/INFO] [REI] Registered plugin provider DefaultRuntimePlugin [roughlyenoughitems] for REIServerPlugin
[21:05:05] [Render thread/INFO] [REI] Registered plugin provider AdornReiServer [adorn] for REIServerPlugin
[21:05:05] [Render thread/INFO] [REI] Registered plugin provider CharmReiServerPlugin [charm] for REIServerPlugin
[21:05:05] [Render thread/INFO] [REI] Registered plugin provider FabricFluidAPISupportPlugin for REIServerPlugin
[21:05:05] [Render thread/INFO] [REI] Registered plugin provider FabricFluidAPISupportPlugin for REIPlugin
[21:05:11] [Render thread/INFO] [REI] Registered plugin provider AdornReiClient [adorn] for REIClientPlugin
[21:05:11] [Render thread/INFO] [REI] Registered plugin provider REITooltipPlugin [appleskin] for REIClientPlugin
[21:05:11] [Render thread/INFO] [REI] Registered plugin provider CharmReiClientPlugin [charm] for REIClientPlugin
[21:05:11] [Render thread/INFO] [REI] Registered plugin provider HalfDoorsREIPlugin [halfdoors] for REIClientPlugin
[21:05:11] [Render thread/INFO] [REI] Registered plugin provider REICompat [jade] for REIClientPlugin
[21:05:11] [Render thread/INFO] [REI] Registered plugin provider OxidizedREIPlugin [oxidized] for REIClientPlugin
[21:05:11] [Render thread/INFO] [REI] Registered plugin provider PluginEntry [roughlyenoughresources] for REIClientPlugin
[21:05:11] [Render thread/INFO] [REI] Registered plugin provider ReiPlugin [techreborn] for REIClientPlugin
[21:05:11] [Render thread/INFO] [REI] Registered plugin provider create:rei_plugin [create] for REIClientPlugin
[21:05:11] [Render thread/INFO] [REI] Registered plugin provider DefaultClientPlugin [roughlyenoughitems] for REIClientPlugin
[21:05:11] [Render thread/INFO] [REI] Registered plugin provider DefaultClientRuntimePlugin [roughlyenoughitems] for REIClientPlugin
[21:05:11] [Render thread/INFO] [REI] Registered plugin provider AE2 [ae2] for REIClientPlugin
[21:05:11] [Render thread/INFO] [REI] Registered plugin provider ae2wtlib [ae2wtlib] for REIClientPlugin
[21:05:11] [Render thread/INFO] [REI] Registered plugin provider AlloyForgeryPlugin [alloy_forgery] for REIClientPlugin
[21:05:11] [Render thread/INFO] [REI] Registered plugin provider REIPlugin [betterend] for REIClientPlugin
[21:05:11] [Render thread/INFO] [REI] Registered plugin provider REIChippedPlugin [chipped] for REIClientPlugin
[21:05:11] [Render thread/INFO] [REI] Registered plugin provider DisenchanterReiPlugin [disenchanter] for REIClientPlugin
[21:05:11] [Render thread/INFO] [REI] Registered plugin provider KubeJSREIPlugin [kubejs] for REIClientPlugin
[21:05:11] [Render thread/INFO] [REI] Registered plugin provider MIREIPlugin [modern_industrialization] for REIClientPlugin
[21:05:11] [Render thread/INFO] [REI] Registered plugin provider FluidFuelsPlugin [modern_industrialization] for REIClientPlugin
[21:05:11] [Render thread/INFO] [REI] Registered plugin provider ForgeHammerRecipePlugin [modern_industrialization] for REIClientPlugin
[21:05:11] [Render thread/INFO] [REI] Registered plugin provider MachinesPlugin [modern_industrialization] for REIClientPlugin
[21:05:11] [Render thread/INFO] [REI] Registered plugin provider NeutronInteractionPlugin [modern_industrialization] for REIClientPlugin
[21:05:11] [Render thread/INFO] [REI] Registered plugin provider OwoReiPlugin [owo] for REIClientPlugin
[21:05:11] [Render thread/INFO] [REI] Registered plugin provider BotaniaREIPlugin [botania] for REIClientPlugin
[21:05:11] [Render thread/INFO] [REI] Registered plugin provider SandwichableREI [sandwichable] for REIClientPlugin
